Log file open, 04/29/20 19:29:50
LogWindows: Failed to load 'aqProf.dll' (GetLastError=126)
LogWindows: File 'aqProf.dll' does not exist
LogWindows: Failed to load 'VtuneApi.dll' (GetLastError=126)
LogWindows: File 'VtuneApi.dll' does not exist
LogWindows: Failed to load 'VtuneApi32e.dll' (GetLastError=126)
LogWindows: File 'VtuneApi32e.dll' does not exist
LogConsoleResponse: Display: Failed to find resolution value strings in scalability ini. Falling back to default.
LogInit: Display: Running engine for game: senal
LogPakFile: Registered encryption key '00000000000000000000000000000000': 0 pak files mounted, 0 remain pending
LogPlatformFile: Not using cached read wrapper
LogTaskGraph: Started task graph with 5 named threads and 23 total threads with 3 sets of task threads.
LogStats: Stats thread started at 0.264976
LogD3D11RHI: Loaded GFSDK_Aftermath_Lib.x64.dll
LogICUInternationalization: ICU TimeZone Detection - Raw Offset: +9:00, Platform Override: ''
LogPluginManager: Mounting plugin Paper2D
LogPluginManager: Mounting plugin AISupport
LogPluginManager: Mounting plugin LightPropagationVolume
LogPluginManager: Mounting plugin ActorLayerUtilities
LogPluginManager: Mounting plugin AnimationSharing
LogPluginManager: Mounting plugin CLionSourceCodeAccess
LogPluginManager: Mounting plugin CodeLiteSourceCodeAccess
LogPluginManager: Mounting plugin GitSourceControl
LogPluginManager: Mounting plugin KDevelopSourceCodeAccess
LogPluginManager: Mounting plugin NullSourceCodeAccess
LogPluginManager: Mounting plugin PerforceSourceControl
LogPluginManager: Mounting plugin SubversionSourceControl
LogPluginManager: Mounting plugin UObjectPlugin
LogPluginManager: Mounting plugin VisualStudioCodeSourceCodeAccess
LogPluginManager: Mounting plugin VisualStudioSourceCodeAccess
LogPluginManager: Mounting plugin XCodeSourceCodeAccess
LogPluginManager: Mounting plugin AssetManagerEditor
LogPluginManager: Mounting plugin CryptoKeys
LogPluginManager: Mounting plugin DataValidation
LogPluginManager: Mounting plugin FacialAnimation
LogPluginManager: Mounting plugin GameplayTagsEditor
LogPluginManager: Mounting plugin MacGraphicsSwitching
LogPluginManager: Mounting plugin MaterialAnalyzer
LogPluginManager: Mounting plugin MobileLauncherProfileWizard
LogPluginManager: Mounting plugin PluginBrowser
LogPluginManager: Mounting plugin SpeedTreeImporter
LogPluginManager: Mounting plugin DatasmithContent
LogPluginManager: Mounting plugin VariantManagerContent
LogPluginManager: Mounting plugin AlembicImporter
LogPluginManager: Mounting plugin AppleImageUtils
LogPluginManager: Mounting plugin AppleVision
LogPluginManager: Mounting plugin BackChannel
LogPluginManager: Mounting plugin CharacterAI
LogPluginManager: Mounting plugin GeometryCache
LogPluginManager: Mounting plugin HTML5Networking
LogPluginManager: Mounting plugin ProxyLODPlugin
LogPluginManager: Mounting plugin SkeletalReduction
LogPluginManager: Mounting plugin MagicLeap
LogPluginManager: Mounting plugin MagicLeapMedia
LogPluginManager: Mounting plugin AndroidMedia
LogPluginManager: Mounting plugin AvfMedia
LogPluginManager: Mounting plugin ImgMedia
LogPluginManager: Mounting plugin LinearTimecode
LogPluginManager: Mounting plugin MediaCompositing
LogPluginManager: Mounting plugin MediaPlayerEditor
LogPluginManager: Mounting plugin WebMMedia
LogPluginManager: Mounting plugin WmfMedia
LogPluginManager: Mounting plugin TcpMessaging
LogPluginManager: Mounting plugin UdpMessaging
LogPluginManager: Mounting plugin ActorSequence
LogPluginManager: Mounting plugin LevelSequenceEditor
LogPluginManager: Mounting plugin MatineeToLevelSequence
LogPluginManager: Mounting plugin NetcodeUnitTest
LogPluginManager: Mounting plugin NUTUnrealEngine4
LogPluginManager: Mounting plugin OnlineSubsystemGooglePlay
LogPluginManager: Mounting plugin OnlineSubsystemIOS
LogPluginManager: Mounting plugin OnlineSubsystem
LogPluginManager: Mounting plugin OnlineSubsystemNull
LogPluginManager: Mounting plugin OnlineSubsystemSteam
LogPluginManager: Mounting plugin OnlineSubsystemUtils
LogPluginManager: Mounting plugin LauncherChunkInstaller
LogPluginManager: Mounting plugin AndroidDeviceProfileSelector
LogPluginManager: Mounting plugin AndroidMoviePlayer
LogPluginManager: Mounting plugin AndroidPermission
LogPluginManager: Mounting plugin AppleMoviePlayer
LogPluginManager: Mounting plugin ArchVisCharacter
LogPluginManager: Mounting plugin AudioCapture
LogPluginManager: Mounting plugin CableComponent
LogPluginManager: Mounting plugin CustomMeshComponent
LogPluginManager: Mounting plugin EditableMesh
LogPluginManager: Mounting plugin ExampleDeviceProfileSelector
LogPluginManager: Mounting plugin Firebase
LogPluginManager: Mounting plugin GoogleCloudMessaging
LogPluginManager: Mounting plugin IOSDeviceProfileSelector
LogPluginManager: Mounting plugin LinuxDeviceProfileSelector
LogPluginManager: Mounting plugin LocationServicesBPLibrary
LogPluginManager: Mounting plugin MobilePatchingUtils
LogPluginManager: Mounting plugin OculusVR
LogPluginManager: Mounting plugin PhysXVehicles
LogPluginManager: Mounting plugin ProceduralMeshComponent
LogPluginManager: Mounting plugin RuntimePhysXCooking
LogPluginManager: Mounting plugin SignificanceManager
LogPluginManager: Mounting plugin SoundUtilities
LogPluginManager: Mounting plugin SteamVR
LogPluginManager: Mounting plugin Synthesis
LogPluginManager: Mounting plugin WebMMoviePlayer
LogPluginManager: Mounting plugin WindowsMoviePlayer
LogPluginManager: Mounting plugin AdvancedSessions
LogPluginManager: Mounting plugin AdvancedSteamSessions
LogPluginManager: Mounting plugin gun
LogPluginManager: Mounting plugin oiooio
LogPluginManager: Mounting plugin OneImmersCustom
LogInit: Using libcurl 7.55.1-DEV
LogInit:  - built for x86_64-pc-win32
LogInit:  - supports SSL with OpenSSL/1.1.1
LogInit:  - supports HTTP deflate (compression) using libz 1.2.8
LogInit:  - other features:
LogInit:      CURL_VERSION_SSL
LogInit:      CURL_VERSION_LIBZ
LogInit:      CURL_VERSION_IPV6
LogInit:      CURL_VERSION_ASYNCHDNS
LogInit:      CURL_VERSION_LARGEFILE
LogInit:      CURL_VERSION_IDN
LogInit:  CurlRequestOptions (configurable via config and command line):
LogInit:  - bVerifyPeer = true  - Libcurl will verify peer certificate
LogInit:  - bUseHttpProxy = false  - Libcurl will NOT use HTTP proxy
LogInit:  - bDontReuseConnections = false  - Libcurl will reuse connections
LogInit:  - MaxHostConnections = 16  - Libcurl will limit the number of connections to a host
LogInit:  - LocalHostAddr = Default
LogInit:  - BufferSize = 65536
LogOnline: Display: STEAM: Loading Steam SDK 1.39
LogOnline: STEAM: Steam User is subscribed 1
LogOnline: STEAM: [AppId: 480] Client API initialized 1
LogOnline: STEAM: [AppId: 480] Game Server API initialized 0
LogOnline: Warning: STEAM: Failed to initialize Steam, this could be due to a Steam server and client running on the same machine. Try running with -NOSTEAM on the cmdline to disable.
LogOnline: Display: STEAM: OnlineSubsystemSteam::Shutdown()
LogOnline: Warning: STEAM: Steam API failed to initialize!
LogOnline: Display: STEAM: OnlineSubsystemSteam::Shutdown()
LogOnline: OSS: Unable to create OnlineSubsystem module Steam
LogInit: WinSock: version 1.1 (2.2), MaxSocks=32767, MaxUdp=65467
LogHMD: Failed initializing OVRPlugin 1.32.0
LogInit: Build: ++UE4+Release-4.22-CL-7053642
LogInit: Engine Version: 4.22.3-7053642+++UE4+Release-4.22
LogInit: Compatible Engine Version: 4.22.0-5660361+++UE4+Release-4.22
LogInit: Net CL: 5660361
LogInit: OS: Windows 10 (Release 1903) (), CPU: Intel(R) Core(TM) i7-7700K CPU @ 4.20GHz, GPU: NVIDIA GeForce GTX 1080
LogInit: Compiled (64-bit): Jun 18 2019 03:09:11
LogInit: Compiled with Visual C++: 19.16.27025.01
LogInit: Build Configuration: Development
LogInit: Branch Name: ++UE4+Release-4.22
LogInit: Command Line: -log sample1 -windowed -game
LogInit: Base Directory: D:/UE_4.22/Engine/Binaries/Win64/
LogInit: Installed Engine Build: 1
LogDevObjectVersion: Number of dev versions registered: 23
LogDevObjectVersion:   Dev-Blueprints (B0D832E4-1F89-4F0D-ACCF-7EB736FD4AA2): 10
LogDevObjectVersion:   Dev-Build (E1C64328-A22C-4D53-A36C-8E866417BD8C): 0
LogDevObjectVersion:   Dev-Core (375EC13C-06E4-48FB-B500-84F0262A717E): 3
LogDevObjectVersion:   Dev-Editor (E4B068ED-F494-42E9-A231-DA0B2E46BB41): 30
LogDevObjectVersion:   Dev-Framework (CFFC743F-43B0-4480-9391-14DF171D2073): 35
LogDevObjectVersion:   Dev-Mobile (B02B49B5-BB20-44E9-A304-32B752E40360): 2
LogDevObjectVersion:   Dev-Networking (A4E4105C-59A1-49B5-A7C5-40C4547EDFEE): 0
LogDevObjectVersion:   Dev-Online (39C831C9-5AE6-47DC-9A44-9C173E1C8E7C): 0
LogDevObjectVersion:   Dev-Physics (78F01B33-EBEA-4F98-B9B4-84EACCB95AA2): 0
LogDevObjectVersion:   Dev-Platform (6631380F-2D4D-43E0-8009-CF276956A95A): 0
LogDevObjectVersion:   Dev-Rendering (12F88B9F-8875-4AFC-A67C-D90C383ABD29): 28
LogDevObjectVersion:   Dev-Sequencer (7B5AE74C-D270-4C10-A958-57980B212A5A): 11
LogDevObjectVersion:   Dev-VR (D7296918-1DD6-4BDD-9DE2-64A83CC13884): 2
LogDevObjectVersion:   Dev-LoadTimes (C2A15278-BFE7-4AFE-6C17-90FF531DF755): 1
LogDevObjectVersion:   Private-Geometry (6EACA3D4-40EC-4CC1-B786-8BED09428FC5): 3
LogDevObjectVersion:   Dev-AnimPhys (29E575DD-E0A3-4627-9D10-D276232CDCEA): 17
LogDevObjectVersion:   Dev-Anim (AF43A65D-7FD3-4947-9873-3E8ED9C1BB05): 2
LogDevObjectVersion:   Dev-ReflectionCapture (6B266CEC-1EC7-4B8F-A30B-E4D90942FC07): 1
LogDevObjectVersion:   Dev-Automation (0DF73D61-A23F-47EA-B727-89E90C41499A): 1
LogDevObjectVersion:   FortniteMain (601D1886-AC64-4F84-AA16-D3DE0DEAC7D6): 25
LogDevObjectVersion:   Dev-Enterprise (9DFFBCD6-494F-0158-E221-12823C92A888): 6
LogDevObjectVersion:   Dev-Niagara (F2AED0AC-9AFE-416F-8664-AA7FFA26D6FC): 1
LogDevObjectVersion:   Dev-Destruction (174F1F0B-B4C6-45A5-B13F-2EE8D0FB917D): 2
LogInit: Presizing for max 16777216 objects, including 0 objects not considered by GC, pre-allocating 0 bytes for permanent pool.
LogInit: Object subsystem initialized
LogConfig: Setting CVar [[con.DebugEarlyDefault:1]]
LogConfig: Setting CVar [[r.setres:1280x720]]
[2020.04.29-10.29.51:070][  0]LogConfig: Setting CVar [[con.DebugEarlyDefault:1]]
[2020.04.29-10.29.51:070][  0]LogConfig: Setting CVar [[r.setres:1280x720]]
[2020.04.29-10.29.51:070][  0]LogConfig: Applying CVar settings from Section [/Script/Engine.RendererSettings] File [C:/Users/HP/Desktop/senal_voice/Saved/Config/Windows/Engine.ini]
[2020.04.29-10.29.51:071][  0]LogConfig: Setting CVar [[r.GPUCrashDebugging:0]]
[2020.04.29-10.29.51:071][  0]LogConfig: Setting CVar [[r.DefaultFeature.AutoExposure.ExtendDefaultLuminanceRange:1]]
[2020.04.29-10.29.51:072][  0]LogConfig: Setting CVar [[r.AllowGlobalClipPlane:1]]
[2020.04.29-10.29.51:072][  0]LogConfig: Applying CVar settings from Section [/Script/Engine.RendererOverrideSettings] File [C:/Users/HP/Desktop/senal_voice/Saved/Config/Windows/Engine.ini]
[2020.04.29-10.29.51:072][  0]LogConfig: Applying CVar settings from Section [/Script/Engine.StreamingSettings] File [C:/Users/HP/Desktop/senal_voice/Saved/Config/Windows/Engine.ini]
[2020.04.29-10.29.51:073][  0]LogConfig: Setting CVar [[s.MinBulkDataSizeForAsyncLoading:131072]]
[2020.04.29-10.29.51:073][  0]LogConfig: Setting CVar [[s.AsyncLoadingThreadEnabled:0]]
[2020.04.29-10.29.51:073][  0]LogConfig: Setting CVar [[s.EventDrivenLoaderEnabled:1]]
[2020.04.29-10.29.51:074][  0]LogConfig: Setting CVar [[s.WarnIfTimeLimitExceeded:0]]
[2020.04.29-10.29.51:074][  0]LogConfig: Setting CVar [[s.TimeLimitExceededMultiplier:1.5]]
[2020.04.29-10.29.51:074][  0]LogConfig: Setting CVar [[s.TimeLimitExceededMinTime:0.005]]
[2020.04.29-10.29.51:075][  0]LogConfig: Setting CVar [[s.UseBackgroundLevelStreaming:1]]
[2020.04.29-10.29.51:075][  0]LogConfig: Setting CVar [[s.PriorityAsyncLoadingExtraTime:15.0]]
[2020.04.29-10.29.51:075][  0]LogConfig: Setting CVar [[s.LevelStreamingActorsUpdateTimeLimit:5.0]]
[2020.04.29-10.29.51:076][  0]LogConfig: Setting CVar [[s.PriorityLevelStreamingActorsUpdateExtraTime:5.0]]
[2020.04.29-10.29.51:076][  0]LogConfig: Setting CVar [[s.LevelStreamingComponentsRegistrationGranularity:10]]
[2020.04.29-10.29.51:076][  0]LogConfig: Setting CVar [[s.UnregisterComponentsTimeLimit:1.0]]
[2020.04.29-10.29.51:076][  0]LogConfig: Setting CVar [[s.LevelStreamingComponentsUnregistrationGranularity:5]]
[2020.04.29-10.29.51:077][  0]LogConfig: Applying CVar settings from Section [/Script/Engine.GarbageCollectionSettings] File [C:/Users/HP/Desktop/senal_voice/Saved/Config/Windows/Engine.ini]
[2020.04.29-10.29.51:077][  0]LogConfig: Setting CVar [[gc.MaxObjectsNotConsideredByGC:1]]
[2020.04.29-10.29.51:077][  0]LogConfig: Setting CVar [[gc.SizeOfPermanentObjectPool:0]]
[2020.04.29-10.29.51:078][  0]LogConfig: Setting CVar [[gc.FlushStreamingOnGC:0]]
[2020.04.29-10.29.51:080][  0]LogConfig: Setting CVar [[gc.NumRetriesBeforeForcingGC:10]]
[2020.04.29-10.29.51:080][  0]LogConfig: Setting CVar [[gc.AllowParallelGC:1]]
[2020.04.29-10.29.51:081][  0]LogConfig: Setting CVar [[gc.TimeBetweenPurgingPendingKillObjects:61.1]]
[2020.04.29-10.29.51:081][  0]LogConfig: Setting CVar [[gc.MaxObjectsInEditor:16777216]]
[2020.04.29-10.29.51:081][  0]LogConfig: Setting CVar [[gc.IncrementalBeginDestroyEnabled:1]]
[2020.04.29-10.29.51:082][  0]LogConfig: Setting CVar [[gc.CreateGCClusters:1]]
[2020.04.29-10.29.51:082][  0]LogConfig: Setting CVar [[gc.MinGCClusterSize:5]]
[2020.04.29-10.29.51:082][  0]LogConfig: Setting CVar [[gc.ActorClusteringEnabled:0]]
[2020.04.29-10.29.51:083][  0]LogConfig: Setting CVar [[gc.BlueprintClusteringEnabled:0]]
[2020.04.29-10.29.51:083][  0]LogConfig: Setting CVar [[gc.UseDisregardForGCOnDedicatedServers:0]]
[2020.04.29-10.29.51:083][  0]LogConfig: Applying CVar settings from Section [/Script/Engine.NetworkSettings] File [C:/Users/HP/Desktop/senal_voice/Saved/Config/Windows/Engine.ini]
[2020.04.29-10.29.51:085][  0]LogConfig: Applying CVar settings from Section [/Script/UnrealEd.CookerSettings] File [C:/Users/HP/Desktop/senal_voice/Saved/Config/Windows/Engine.ini]
[2020.04.29-10.29.51:092][  0]LogConfig: Applying CVar settings from Section [ViewDistanceQuality@3] File [C:/Users/HP/Desktop/senal_voice/Saved/Config/Windows/Scalability.ini]
[2020.04.29-10.29.51:096][  0]LogConfig: Setting CVar [[r.SkeletalMeshLODBias:0]]
[2020.04.29-10.29.51:096][  0]LogConfig: Setting CVar [[r.ViewDistanceScale:1.0]]
[2020.04.29-10.29.51:099][  0]LogConfig: Applying CVar settings from Section [AntiAliasingQuality@3] File [C:/Users/HP/Desktop/senal_voice/Saved/Config/Windows/Scalability.ini]
[2020.04.29-10.29.51:100][  0]LogConfig: Setting CVar [[r.PostProcessAAQuality:4]]
[2020.04.29-10.29.51:103][  0]LogConfig: Applying CVar settings from Section [ShadowQuality@3] File [C:/Users/HP/Desktop/senal_voice/Saved/Config/Windows/Scalability.ini]
[2020.04.29-10.29.51:107][  0]LogConfig: Setting CVar [[r.LightFunctionQuality:1]]
[2020.04.29-10.29.51:109][  0]LogConfig: Setting CVar [[r.ShadowQuality:5]]
[2020.04.29-10.29.51:111][  0]LogConfig: Setting CVar [[r.Shadow.CSM.MaxCascades:10]]
[2020.04.29-10.29.51:113][  0]LogConfig: Setting CVar [[r.Shadow.MaxResolution:2048]]
[2020.04.29-10.29.51:115][  0]LogConfig: Setting CVar [[r.Shadow.MaxCSMResolution:2048]]
[2020.04.29-10.29.51:116][  0]LogConfig: Setting CVar [[r.Shadow.RadiusThreshold:0.01]]
[2020.04.29-10.29.51:118][  0]LogConfig: Setting CVar [[r.Shadow.DistanceScale:1.0]]
[2020.04.29-10.29.51:119][  0]LogConfig: Setting CVar [[r.Shadow.CSM.TransitionScale:1.0]]
[2020.04.29-10.29.51:123][  0]LogConfig: Setting CVar [[r.Shadow.PreShadowResolutionFactor:1.0]]
[2020.04.29-10.29.51:124][  0]LogConfig: Setting CVar [[r.DistanceFieldShadowing:1]]
[2020.04.29-10.29.51:126][  0]LogConfig: Setting CVar [[r.DistanceFieldAO:1]]
[2020.04.29-10.29.51:127][  0]LogConfig: Setting CVar [[r.AOQuality:2]]
[2020.04.29-10.29.51:128][  0]LogConfig: Setting CVar [[r.VolumetricFog:1]]
[2020.04.29-10.29.51:130][  0]LogConfig: Setting CVar [[r.VolumetricFog.GridPixelSize:8]]
[2020.04.29-10.29.51:131][  0]LogConfig: Setting CVar [[r.VolumetricFog.GridSizeZ:128]]
[2020.04.29-10.29.51:134][  0]LogConfig: Setting CVar [[r.VolumetricFog.HistoryMissSupersampleCount:4]]
[2020.04.29-10.29.51:138][  0]LogConfig: Setting CVar [[r.LightMaxDrawDistanceScale:1]]
[2020.04.29-10.29.51:138][  0]LogConfig: Setting CVar [[r.CapsuleShadows:1]]
[2020.04.29-10.29.51:140][  0]LogConfig: Applying CVar settings from Section [PostProcessQuality@3] File [C:/Users/HP/Desktop/senal_voice/Saved/Config/Windows/Scalability.ini]
[2020.04.29-10.29.51:140][  0]LogConfig: Setting CVar [[r.MotionBlurQuality:4]]
[2020.04.29-10.29.51:141][  0]LogConfig: Setting CVar [[r.AmbientOcclusionMipLevelFactor:0.4]]
[2020.04.29-10.29.51:142][  0]LogConfig: Setting CVar [[r.AmbientOcclusionMaxQuality:100]]
[2020.04.29-10.29.51:143][  0]LogConfig: Setting CVar [[r.AmbientOcclusionLevels:-1]]
[2020.04.29-10.29.51:145][  0]LogConfig: Setting CVar [[r.AmbientOcclusionRadiusScale:1.0]]
[2020.04.29-10.29.51:146][  0]LogConfig: Setting CVar [[r.DepthOfFieldQuality:2]]
[2020.04.29-10.29.51:146][  0]LogConfig: Setting CVar [[r.RenderTargetPoolMin:400]]
[2020.04.29-10.29.51:148][  0]LogConfig: Setting CVar [[r.LensFlareQuality:2]]
[2020.04.29-10.29.51:148][  0]LogConfig: Setting CVar [[r.SceneColorFringeQuality:1]]
[2020.04.29-10.29.51:149][  0]LogConfig: Setting CVar [[r.EyeAdaptationQuality:2]]
[2020.04.29-10.29.51:149][  0]LogConfig: Setting CVar [[r.BloomQuality:5]]
[2020.04.29-10.29.51:149][  0]LogConfig: Setting CVar [[r.FastBlurThreshold:100]]
[2020.04.29-10.29.51:151][  0]LogConfig: Setting CVar [[r.Upscale.Quality:3]]
[2020.04.29-10.29.51:151][  0]LogConfig: Setting CVar [[r.Tonemapper.GrainQuantization:1]]
[2020.04.29-10.29.51:152][  0]LogConfig: Setting CVar [[r.LightShaftQuality:1]]
[2020.04.29-10.29.51:152][  0]LogConfig: Setting CVar [[r.Filter.SizeScale:1]]
[2020.04.29-10.29.51:152][  0]LogConfig: Setting CVar [[r.Tonemapper.Quality:5]]
[2020.04.29-10.29.51:153][  0]LogConfig: Setting CVar [[r.DOF.Gather.AccumulatorQuality:1        ; higher gathering accumulator quality]]
[2020.04.29-10.29.51:153][  0]LogConfig: Setting CVar [[r.DOF.Gather.PostfilterMethod:1          ; Median3x3 postfilering method]]
[2020.04.29-10.29.51:154][  0]LogConfig: Setting CVar [[r.DOF.Gather.EnableBokehSettings:0       ; no bokeh simulation when gathering]]
[2020.04.29-10.29.51:154][  0]LogConfig: Setting CVar [[r.DOF.Gather.RingCount:4                 ; medium number of samples when gathering]]
[2020.04.29-10.29.51:154][  0]LogConfig: Setting CVar [[r.DOF.Scatter.ForegroundCompositing:1    ; additive foreground scattering]]
[2020.04.29-10.29.51:155][  0]LogConfig: Setting CVar [[r.DOF.Scatter.BackgroundCompositing:2    ; additive background scattering]]
[2020.04.29-10.29.51:155][  0]LogConfig: Setting CVar [[r.DOF.Scatter.EnableBokehSettings:1      ; bokeh simulation when scattering]]
[2020.04.29-10.29.51:156][  0]LogConfig: Setting CVar [[r.DOF.Scatter.MaxSpriteRatio:0.1         ; only a maximum of 10% of scattered bokeh]]
[2020.04.29-10.29.51:156][  0]LogConfig: Setting CVar [[r.DOF.Recombine.Quality:1                ; cheap slight out of focus]]
[2020.04.29-10.29.51:157][  0]LogConfig: Setting CVar [[r.DOF.Recombine.EnableBokehSettings:0    ; no bokeh simulation on slight out of focus]]
[2020.04.29-10.29.51:157][  0]LogConfig: Setting CVar [[r.DOF.TemporalAAQuality:1                ; more stable temporal accumulation]]
[2020.04.29-10.29.51:159][  0]LogConfig: Setting CVar [[r.DOF.Kernel.MaxForegroundRadius:0.025]]
[2020.04.29-10.29.51:159][  0]LogConfig: Setting CVar [[r.DOF.Kernel.MaxBackgroundRadius:0.025]]
[2020.04.29-10.29.51:160][  0]LogConfig: Applying CVar settings from Section [TextureQuality@3] File [C:/Users/HP/Desktop/senal_voice/Saved/Config/Windows/Scalability.ini]
[2020.04.29-10.29.51:160][  0]LogConfig: Setting CVar [[r.Streaming.MipBias:0]]
[2020.04.29-10.29.51:161][  0]LogConfig: Setting CVar [[r.Streaming.AmortizeCPUToGPUCopy:0]]
[2020.04.29-10.29.51:161][  0]LogConfig: Setting CVar [[r.Streaming.MaxNumTexturesToStreamPerFrame:0]]
[2020.04.29-10.29.51:162][  0]LogConfig: Setting CVar [[r.Streaming.Boost:1]]
[2020.04.29-10.29.51:162][  0]LogConfig: Setting CVar [[r.MaxAnisotropy:8]]
[2020.04.29-10.29.51:163][  0]LogConfig: Setting CVar [[r.Streaming.LimitPoolSizeToVRAM:0]]
[2020.04.29-10.29.51:163][  0]LogConfig: Setting CVar [[r.Streaming.PoolSize:1000]]
[2020.04.29-10.29.51:164][  0]LogConfig: Setting CVar [[r.Streaming.MaxEffectiveScreenSize:0]]
[2020.04.29-10.29.51:165][  0]LogConfig: Applying CVar settings from Section [EffectsQuality@3] File [C:/Users/HP/Desktop/senal_voice/Saved/Config/Windows/Scalability.ini]
[2020.04.29-10.29.51:165][  0]LogConfig: Setting CVar [[r.TranslucencyLightingVolumeDim:64]]
[2020.04.29-10.29.51:165][  0]LogConfig: Setting CVar [[r.RefractionQuality:2]]
[2020.04.29-10.29.51:166][  0]LogConfig: Setting CVar [[r.SSR.Quality:3]]
[2020.04.29-10.29.51:166][  0]LogConfig: Setting CVar [[r.SceneColorFormat:4]]
[2020.04.29-10.29.51:167][  0]LogConfig: Setting CVar [[r.DetailMode:2]]
[2020.04.29-10.29.51:168][  0]LogConfig: Setting CVar [[r.TranslucencyVolumeBlur:1]]
[2020.04.29-10.29.51:170][  0]LogConfig: Setting CVar [[r.MaterialQualityLevel:1 ; High quality]]
[2020.04.29-10.29.51:170][  0]LogConfig: Setting CVar [[r.SSS.Scale:1]]
[2020.04.29-10.29.51:170][  0]LogConfig: Setting CVar [[r.SSS.SampleSet:2]]
[2020.04.29-10.29.51:171][  0]LogConfig: Setting CVar [[r.SSS.Quality:1]]
[2020.04.29-10.29.51:171][  0]LogConfig: Setting CVar [[r.SSS.HalfRes:1]]
[2020.04.29-10.29.51:171][  0]LogConfig: Setting CVar [[r.EmitterSpawnRateScale:1.0]]
[2020.04.29-10.29.51:172][  0]LogConfig: Setting CVar [[r.ParticleLightQuality:2]]
[2020.04.29-10.29.51:174][  0]LogConfig: Applying CVar settings from Section [FoliageQuality@3] File [C:/Users/HP/Desktop/senal_voice/Saved/Config/Windows/Scalability.ini]
[2020.04.29-10.29.51:174][  0]LogConfig: Setting CVar [[foliage.DensityScale:1.0]]
[2020.04.29-10.29.51:175][  0]LogConfig: Setting CVar [[grass.DensityScale:1.0]]
[2020.04.29-10.29.51:176][  0]LogInit: Selected Device Profile: [Windows]
[2020.04.29-10.29.51:177][  0]LogInit: Applying CVar settings loaded from the selected device profile: [Windows]
[2020.04.29-10.29.51:195][  0]LogHAL: Display: Platform has ~ 16 GB [17049473024 / 17179869184 / 16], which maps to Larger [LargestMinGB=32, LargerMinGB=12, DefaultMinGB=8, SmallerMinGB=6, SmallestMinGB=0)
[2020.04.29-10.29.51:196][  0]LogConfig: Setting CVar [[r.Vulkan.UseRealUBs:0		; Required until we fix HLR fall-out]]
[2020.04.29-10.29.51:197][  0]LogInit: Going up to parent DeviceProfile []
[2020.04.29-10.29.51:202][  0]LogConfig: Applying CVar settings from Section [ViewDistanceQuality@3] File [C:/Users/HP/Desktop/senal_voice/Saved/Config/Windows/Scalability.ini]
[2020.04.29-10.29.51:202][  0]LogConfig: Setting CVar [[r.SkeletalMeshLODBias:0]]
[2020.04.29-10.29.51:202][  0]LogConfig: Setting CVar [[r.ViewDistanceScale:1.0]]
[2020.04.29-10.29.51:203][  0]LogConfig: Applying CVar settings from Section [AntiAliasingQuality@3] File [C:/Users/HP/Desktop/senal_voice/Saved/Config/Windows/Scalability.ini]
[2020.04.29-10.29.51:203][  0]LogConfig: Setting CVar [[r.PostProcessAAQuality:4]]
[2020.04.29-10.29.51:203][  0]LogConfig: Applying CVar settings from Section [ShadowQuality@3] File [C:/Users/HP/Desktop/senal_voice/Saved/Config/Windows/Scalability.ini]
[2020.04.29-10.29.51:204][  0]LogConfig: Setting CVar [[r.LightFunctionQuality:1]]
[2020.04.29-10.29.51:204][  0]LogConfig: Setting CVar [[r.ShadowQuality:5]]
[2020.04.29-10.29.51:204][  0]LogConfig: Setting CVar [[r.Shadow.CSM.MaxCascades:10]]
[2020.04.29-10.29.51:204][  0]LogConfig: Setting CVar [[r.Shadow.MaxResolution:2048]]
[2020.04.29-10.29.51:206][  0]LogConfig: Setting CVar [[r.Shadow.MaxCSMResolution:2048]]
[2020.04.29-10.29.51:208][  0]LogConfig: Setting CVar [[r.Shadow.RadiusThreshold:0.01]]
[2020.04.29-10.29.51:208][  0]LogConfig: Setting CVar [[r.Shadow.DistanceScale:1.0]]
[2020.04.29-10.29.51:209][  0]LogConfig: Setting CVar [[r.Shadow.CSM.TransitionScale:1.0]]
[2020.04.29-10.29.51:209][  0]LogConfig: Setting CVar [[r.Shadow.PreShadowResolutionFactor:1.0]]
[2020.04.29-10.29.51:210][  0]LogConfig: Setting CVar [[r.DistanceFieldShadowing:1]]
[2020.04.29-10.29.51:210][  0]LogConfig: Setting CVar [[r.DistanceFieldAO:1]]
[2020.04.29-10.29.51:211][  0]LogConfig: Setting CVar [[r.AOQuality:2]]
[2020.04.29-10.29.51:211][  0]LogConfig: Setting CVar [[r.VolumetricFog:1]]
[2020.04.29-10.29.51:211][  0]LogConfig: Setting CVar [[r.VolumetricFog.GridPixelSize:8]]
[2020.04.29-10.29.51:212][  0]LogConfig: Setting CVar [[r.VolumetricFog.GridSizeZ:128]]
[2020.04.29-10.29.51:212][  0]LogConfig: Setting CVar [[r.VolumetricFog.HistoryMissSupersampleCount:4]]
[2020.04.29-10.29.51:213][  0]LogConfig: Setting CVar [[r.LightMaxDrawDistanceScale:1]]
[2020.04.29-10.29.51:213][  0]LogConfig: Setting CVar [[r.CapsuleShadows:1]]
[2020.04.29-10.29.51:213][  0]LogConfig: Applying CVar settings from Section [PostProcessQuality@3] File [C:/Users/HP/Desktop/senal_voice/Saved/Config/Windows/Scalability.ini]
[2020.04.29-10.29.51:214][  0]LogConfig: Setting CVar [[r.MotionBlurQuality:4]]
[2020.04.29-10.29.51:214][  0]LogConfig: Setting CVar [[r.AmbientOcclusionMipLevelFactor:0.4]]
[2020.04.29-10.29.51:214][  0]LogConfig: Setting CVar [[r.AmbientOcclusionMaxQuality:100]]
[2020.04.29-10.29.51:215][  0]LogConfig: Setting CVar [[r.AmbientOcclusionLevels:-1]]
[2020.04.29-10.29.51:216][  0]LogConfig: Setting CVar [[r.AmbientOcclusionRadiusScale:1.0]]
[2020.04.29-10.29.51:216][  0]LogConfig: Setting CVar [[r.DepthOfFieldQuality:2]]
[2020.04.29-10.29.51:216][  0]LogConfig: Setting CVar [[r.RenderTargetPoolMin:400]]
[2020.04.29-10.29.51:216][  0]LogConfig: Setting CVar [[r.LensFlareQuality:2]]
[2020.04.29-10.29.51:217][  0]LogConfig: Setting CVar [[r.SceneColorFringeQuality:1]]
[2020.04.29-10.29.51:219][  0]LogConfig: Setting CVar [[r.EyeAdaptationQuality:2]]
[2020.04.29-10.29.51:219][  0]LogConfig: Setting CVar [[r.BloomQuality:5]]
[2020.04.29-10.29.51:220][  0]LogConfig: Setting CVar [[r.FastBlurThreshold:100]]
[2020.04.29-10.29.51:220][  0]LogConfig: Setting CVar [[r.Upscale.Quality:3]]
[2020.04.29-10.29.51:220][  0]LogConfig: Setting CVar [[r.Tonemapper.GrainQuantization:1]]
[2020.04.29-10.29.51:221][  0]LogConfig: Setting CVar [[r.LightShaftQuality:1]]
[2020.04.29-10.29.51:221][  0]LogConfig: Setting CVar [[r.Filter.SizeScale:1]]
[2020.04.29-10.29.51:221][  0]LogConfig: Setting CVar [[r.Tonemapper.Quality:5]]
[2020.04.29-10.29.51:222][  0]LogConfig: Setting CVar [[r.DOF.Gather.AccumulatorQuality:1        ; higher gathering accumulator quality]]
[2020.04.29-10.29.51:222][  0]LogConfig: Setting CVar [[r.DOF.Gather.PostfilterMethod:1          ; Median3x3 postfilering method]]
[2020.04.29-10.29.51:222][  0]LogConfig: Setting CVar [[r.DOF.Gather.EnableBokehSettings:0       ; no bokeh simulation when gathering]]
[2020.04.29-10.29.51:223][  0]LogConfig: Setting CVar [[r.DOF.Gather.RingCount:4                 ; medium number of samples when gathering]]
[2020.04.29-10.29.51:223][  0]LogConfig: Setting CVar [[r.DOF.Scatter.ForegroundCompositing:1    ; additive foreground scattering]]
[2020.04.29-10.29.51:223][  0]LogConfig: Setting CVar [[r.DOF.Scatter.BackgroundCompositing:2    ; additive background scattering]]
[2020.04.29-10.29.51:224][  0]LogConfig: Setting CVar [[r.DOF.Scatter.EnableBokehSettings:1      ; bokeh simulation when scattering]]
[2020.04.29-10.29.51:224][  0]LogConfig: Setting CVar [[r.DOF.Scatter.MaxSpriteRatio:0.1         ; only a maximum of 10% of scattered bokeh]]
[2020.04.29-10.29.51:225][  0]LogConfig: Setting CVar [[r.DOF.Recombine.Quality:1                ; cheap slight out of focus]]
[2020.04.29-10.29.51:225][  0]LogConfig: Setting CVar [[r.DOF.Recombine.EnableBokehSettings:0    ; no bokeh simulation on slight out of focus]]
[2020.04.29-10.29.51:225][  0]LogConfig: Setting CVar [[r.DOF.TemporalAAQuality:1                ; more stable temporal accumulation]]
[2020.04.29-10.29.51:226][  0]LogConfig: Setting CVar [[r.DOF.Kernel.MaxForegroundRadius:0.025]]
[2020.04.29-10.29.51:226][  0]LogConfig: Setting CVar [[r.DOF.Kernel.MaxBackgroundRadius:0.025]]
[2020.04.29-10.29.51:226][  0]LogConfig: Applying CVar settings from Section [TextureQuality@3] File [C:/Users/HP/Desktop/senal_voice/Saved/Config/Windows/Scalability.ini]
[2020.04.29-10.29.51:227][  0]LogConfig: Setting CVar [[r.Streaming.MipBias:0]]
[2020.04.29-10.29.51:228][  0]LogConfig: Setting CVar [[r.Streaming.AmortizeCPUToGPUCopy:0]]
[2020.04.29-10.29.51:230][  0]LogConfig: Setting CVar [[r.Streaming.MaxNumTexturesToStreamPerFrame:0]]
[2020.04.29-10.29.51:231][  0]LogConfig: Setting CVar [[r.Streaming.Boost:1]]
[2020.04.29-10.29.51:231][  0]LogConfig: Setting CVar [[r.MaxAnisotropy:8]]
[2020.04.29-10.29.51:231][  0]LogConfig: Setting CVar [[r.Streaming.LimitPoolSizeToVRAM:0]]
[2020.04.29-10.29.51:232][  0]LogConfig: Setting CVar [[r.Streaming.PoolSize:1000]]
[2020.04.29-10.29.51:232][  0]LogConfig: Setting CVar [[r.Streaming.MaxEffectiveScreenSize:0]]
[2020.04.29-10.29.51:232][  0]LogConfig: Applying CVar settings from Section [EffectsQuality@3] File [C:/Users/HP/Desktop/senal_voice/Saved/Config/Windows/Scalability.ini]
[2020.04.29-10.29.51:233][  0]LogConfig: Setting CVar [[r.TranslucencyLightingVolumeDim:64]]
[2020.04.29-10.29.51:233][  0]LogConfig: Setting CVar [[r.RefractionQuality:2]]
[2020.04.29-10.29.51:233][  0]LogConfig: Setting CVar [[r.SSR.Quality:3]]
[2020.04.29-10.29.51:234][  0]LogConfig: Setting CVar [[r.SceneColorFormat:4]]
[2020.04.29-10.29.51:234][  0]LogConfig: Setting CVar [[r.DetailMode:2]]
[2020.04.29-10.29.51:234][  0]LogConfig: Setting CVar [[r.TranslucencyVolumeBlur:1]]
[2020.04.29-10.29.51:234][  0]LogConfig: Setting CVar [[r.MaterialQualityLevel:1 ; High quality]]
[2020.04.29-10.29.51:235][  0]LogConfig: Setting CVar [[r.SSS.Scale:1]]
[2020.04.29-10.29.51:235][  0]LogConfig: Setting CVar [[r.SSS.SampleSet:2]]
[2020.04.29-10.29.51:236][  0]LogConfig: Setting CVar [[r.SSS.Quality:1]]
[2020.04.29-10.29.51:236][  0]LogConfig: Setting CVar [[r.SSS.HalfRes:1]]
[2020.04.29-10.29.51:236][  0]LogConfig: Setting CVar [[r.EmitterSpawnRateScale:1.0]]
[2020.04.29-10.29.51:237][  0]LogConfig: Setting CVar [[r.ParticleLightQuality:2]]
[2020.04.29-10.29.51:237][  0]LogConfig: Applying CVar settings from Section [FoliageQuality@3] File [C:/Users/HP/Desktop/senal_voice/Saved/Config/Windows/Scalability.ini]
[2020.04.29-10.29.51:237][  0]LogConfig: Setting CVar [[foliage.DensityScale:1.0]]
[2020.04.29-10.29.51:237][  0]LogConfig: Setting CVar [[grass.DensityScale:1.0]]
[2020.04.29-10.29.51:238][  0]LogConfig: Applying CVar settings from Section [Startup] File [../../../Engine/Config/ConsoleVariables.ini]
[2020.04.29-10.29.51:238][  0]LogConfig: Setting CVar [[net.UseAdaptiveNetUpdateFrequency:0]]
[2020.04.29-10.29.51:238][  0]LogConfig: Setting CVar [[p.chaos.AllowCreatePhysxBodies:1]]
[2020.04.29-10.29.51:239][  0]LogConfig: Applying CVar settings from Section [ConsoleVariables] File [C:/Users/HP/Desktop/senal_voice/Saved/Config/Windows/Engine.ini]
[2020.04.29-10.29.51:243][  0]LogInit: Computer: DESKTOP-V659D0B
[2020.04.29-10.29.51:243][  0]LogInit: User: HP
[2020.04.29-10.29.51:244][  0]LogInit: CPU Page size=4096, Cores=4
[2020.04.29-10.29.51:244][  0]LogInit: High frequency timer resolution =10.000000 MHz
[2020.04.29-10.29.51:245][  0]LogMemory: Memory total: Physical=15.9GB (16GB approx)
[2020.04.29-10.29.51:245][  0]LogMemory: Platform Memory Stats for Windows
[2020.04.29-10.29.51:245][  0]LogMemory: Process Physical Memory: 133.76 MB used, 133.77 MB peak
[2020.04.29-10.29.51:246][  0]LogMemory: Process Virtual Memory: 108.43 MB used, 108.43 MB peak
[2020.04.29-10.29.51:246][  0]LogMemory: Physical Memory: 6662.07 MB used,  9597.58 MB free, 16259.64 MB total
[2020.04.29-10.29.51:246][  0]LogMemory: Virtual Memory: 4803.45 MB used,  134212928.00 MB free, 134217728.00 MB total
[2020.04.29-10.29.51:291][  0]LogInit: Using OS detected language (ko-KR).
[2020.04.29-10.29.51:326][  0]LogInit: Using OS detected locale (ko-KR).
[2020.04.29-10.29.51:350][  0]LogTextLocalizationManager: No specific localization for 'ko-KR' exists, so the 'ko' localization will be used.
[2020.04.29-10.29.51:514][  0]LogSlate: New Slate User Created.  User Index 0, Is Virtual User: 0
[2020.04.29-10.29.51:515][  0]LogSlate: Slate User Registered.  User Index 0, Is Virtual User: 0
[2020.04.29-10.29.51:582][  0]LogHMD: Failed to initialize OpenVR with code 117
[2020.04.29-10.29.51:582][  0]LogD3D11RHI: D3D11 adapters:
[2020.04.29-10.29.51:688][  0]LogD3D11RHI:    0. 'NVIDIA GeForce GTX 1080' (Feature Level 11_0)
[2020.04.29-10.29.51:689][  0]LogD3D11RHI:       8079/0/8129 MB DedicatedVideo/DedicatedSystem/SharedSystem, Outputs:1, VendorId:0x10de
[2020.04.29-10.29.51:725][  0]LogD3D11RHI:    1. 'Intel(R) HD Graphics 630' (Feature Level 11_0)
[2020.04.29-10.29.51:725][  0]LogD3D11RHI:       128/0/8129 MB DedicatedVideo/DedicatedSystem/SharedSystem, Outputs:0, VendorId:0x8086
[2020.04.29-10.29.51:731][  0]LogD3D11RHI:    2. 'Microsoft Basic Render Driver' (Feature Level 11_0)
[2020.04.29-10.29.51:731][  0]LogD3D11RHI:       0/0/8129 MB DedicatedVideo/DedicatedSystem/SharedSystem, Outputs:0, VendorId:0x1414
[2020.04.29-10.29.51:732][  0]LogD3D11RHI: Chosen D3D11 Adapter: 0
[2020.04.29-10.29.51:748][  0]LogD3D11RHI: Creating new Direct3DDevice
[2020.04.29-10.29.51:749][  0]LogD3D11RHI:     GPU DeviceId: 0x1b80 (for the marketing name, search the web for "GPU Device Id")
[2020.04.29-10.29.51:752][  0]LogWindows: EnumDisplayDevices:
[2020.04.29-10.29.51:753][  0]LogWindows:    0. 'NVIDIA GeForce GTX 1080' (P:1 D:1)
[2020.04.29-10.29.51:754][  0]LogWindows:    1. 'NVIDIA GeForce GTX 1080' (P:0 D:0)
[2020.04.29-10.29.51:755][  0]LogWindows:    2. 'NVIDIA GeForce GTX 1080' (P:0 D:0)
[2020.04.29-10.29.51:755][  0]LogWindows:    3. 'NVIDIA GeForce GTX 1080' (P:0 D:0)
[2020.04.29-10.29.51:756][  0]LogWindows:    4. 'Intel(R) HD Graphics 630' (P:0 D:0)
[2020.04.29-10.29.51:757][  0]LogWindows:    5. 'Intel(R) HD Graphics 630' (P:0 D:0)
[2020.04.29-10.29.51:758][  0]LogWindows:    6. 'Intel(R) HD Graphics 630' (P:0 D:0)
[2020.04.29-10.29.51:759][  0]LogWindows: DebugString: PrimaryIsNotTheChoosenAdapter PrimaryIsNotTheChoosenAdapter PrimaryIsNotTheChoosenAdapter FoundDriverCount:4 
[2020.04.29-10.29.51:760][  0]LogD3D11RHI:     Adapter Name: NVIDIA GeForce GTX 1080
[2020.04.29-10.29.51:760][  0]LogD3D11RHI:   Driver Version: 442.23 (internal:26.21.14.4223, unified:442.23)
[2020.04.29-10.29.51:761][  0]LogD3D11RHI:      Driver Date: 1-31-2020
[2020.04.29-10.29.51:762][  0]LogRHI: Texture pool is 5655 MB (70% of 8079 MB)
[2020.04.29-10.29.51:833][  0]LogD3D11RHI: Async texture creation enabled
[2020.04.29-10.29.51:881][  0]LogRendererCore: FGlobalReadBuffer::InitRHI
[2020.04.29-10.29.51:881][  0]LogRendererCore: FGlobalReadBuffer::InitRHI
[2020.04.29-10.29.51:882][  0]LogRendererCore: FGlobalReadBuffer::InitRHI
[2020.04.29-10.29.51:891][  0]LogD3D11RHI: GPU Timing Frequency: 1000.000000 (Debug: 2 1)
[2020.04.29-10.29.52:231][  0]LogTemp: Display: Module 'WindowsClientTargetPlatform' loaded TargetPlatform 'WindowsClient'
[2020.04.29-10.29.52:246][  0]LogTemp: Display: Module 'WindowsNoEditorTargetPlatform' loaded TargetPlatform 'WindowsNoEditor'
[2020.04.29-10.29.52:261][  0]LogTemp: Display: Module 'WindowsServerTargetPlatform' loaded TargetPlatform 'WindowsServer'
[2020.04.29-10.29.52:268][  0]LogTemp: Display: Module 'WindowsTargetPlatform' loaded TargetPlatform 'Windows'
[2020.04.29-10.29.52:268][  0]LogTargetPlatformManager: Display: Building Assets For Windows
[2020.04.29-10.29.52:277][  0]LogAudioDebug: Display: Lib vorbis DLL was dynamically loaded.
[2020.04.29-10.29.52:334][  0]LogShaderCompilers: Guid format shader working directory is 11 characters bigger than the processId version (C:/Users/HP/Desktop/senal_voice/Intermediate/Shaders/WorkingDirectory/29084/).
[2020.04.29-10.29.52:334][  0]LogShaderCompilers: Cleaned the shader compiler working directory 'C:/Users/HP/AppData/Local/Temp/UnrealShaderWorkingDir/8056A5FE46463D195732EAA4808F1009/'.
[2020.04.29-10.29.52:339][  0]LogXGEController: Cannot use XGE Controller as Incredibuild is not installed on this machine.
[2020.04.29-10.29.52:339][  0]LogShaderCompilers: Cannot use XGE Shader Compiler as Incredibuild is not installed on this machine.
[2020.04.29-10.29.52:339][  0]LogShaderCompilers: Display: Using Local Shader Compiler.
[2020.04.29-10.29.52:885][  0]LogDerivedDataCache: Display: Max Cache Size: 512 MB
[2020.04.29-10.29.52:927][  0]LogDerivedDataCache: Loaded boot cache 0.04s 67MB C:/Users/HP/AppData/Local/UnrealEngine/4.22/DerivedDataCache/Boot.ddc.
[2020.04.29-10.29.52:927][  0]LogDerivedDataCache: Display: Loaded Boot cache: C:/Users/HP/AppData/Local/UnrealEngine/4.22/DerivedDataCache/Boot.ddc
[2020.04.29-10.29.52:928][  0]LogDerivedDataCache: FDerivedDataBackendGraph:  Pak pak cache file C:/Users/HP/Desktop/senal_voice/DerivedDataCache/DDC.ddp not found, will not use a pak cache.
[2020.04.29-10.29.52:928][  0]LogDerivedDataCache: Unable to find inner node Pak for hierarchical cache Hierarchy.
[2020.04.29-10.29.52:928][  0]LogDerivedDataCache: FDerivedDataBackendGraph:  CompressedPak pak cache file C:/Users/HP/Desktop/senal_voice/DerivedDataCache/Compressed.ddp not found, will not use a pak cache.
[2020.04.29-10.29.52:928][  0]LogDerivedDataCache: Unable to find inner node CompressedPak for hierarchical cache Hierarchy.
[2020.04.29-10.29.52:940][  0]LogDerivedDataCache: Display: Pak cache opened for reading ../../../Engine/DerivedDataCache/Compressed.ddp.
[2020.04.29-10.29.52:940][  0]LogDerivedDataCache: FDerivedDataBackendGraph:  EnterprisePak pak cache file ../../../Enterprise/DerivedDataCache/Compressed.ddp not found, will not use a pak cache.
[2020.04.29-10.29.52:940][  0]LogDerivedDataCache: Unable to find inner node EnterprisePak for hierarchical cache Hierarchy.
[2020.04.29-10.29.52:952][  0]LogDerivedDataCache: Using Local data cache path C:/Users/HP/AppData/Local/UnrealEngine/Common/DerivedDataCache: Writable
[2020.04.29-10.29.52:952][  0]LogDerivedDataCache: Shared data cache path not found in *engine.ini, will not use an Shared cache.
[2020.04.29-10.29.52:952][  0]LogDerivedDataCache: Unable to find inner node Shared for hierarchical cache Hierarchy.
[2020.04.29-10.29.52:978][  0]LogMaterial: Verifying Global Shaders for PCD3D_SM5
[2020.04.29-10.29.52:980][  0]LogSlate: Using FreeType 2.6.0
[2020.04.29-10.29.52:980][  0]LogSlate: SlateFontServices - WITH_FREETYPE: 1, WITH_HARFBUZZ: 1
[2020.04.29-10.29.53:105][  0]LogInit: Using OS detected language (ko-KR).
[2020.04.29-10.29.53:105][  0]LogInit: Using OS detected locale (ko-KR).
[2020.04.29-10.29.53:106][  0]LogTextLocalizationManager: No localization for 'ko-KR' exists, so 'en' will be used for the language.
[2020.04.29-10.29.53:106][  0]LogTextLocalizationManager: No localization for 'ko-KR' exists, so 'en' will be used for the locale.
[2020.04.29-10.29.53:107][  0]LogSlate: FontCache flush requested. Reason: Culture for localization was changed
[2020.04.29-10.29.53:107][  0]LogSlate: FontCache flush requested. Reason: Culture for localization was changed
[2020.04.29-10.29.53:108][  0]LogTextLocalizationManager: Compacting localization data took   0.01ms
[2020.04.29-10.29.53:117][  0]LogAssetRegistry: FAssetRegistry took 0.0046 seconds to start up
[2020.04.29-10.29.53:339][  0]LogPackageLocalizationCache: Processed 15 localized package path(s) for 1 prioritized culture(s) in 0.028994 seconds
[2020.04.29-10.29.53:529][  0]LogInit: Selected Device Profile: [Windows]
[2020.04.29-10.29.53:614][  0]LogMeshReduction: Using QuadricMeshReduction for automatic static mesh reduction
[2020.04.29-10.29.53:614][  0]LogMeshReduction: Using SimplygonMeshReduction for automatic skeletal mesh reduction
[2020.04.29-10.29.53:615][  0]LogMeshReduction: Using ProxyLODMeshReduction for automatic mesh merging
[2020.04.29-10.29.53:616][  0]LogMeshReduction: No distributed automatic mesh merging module available
[2020.04.29-10.29.53:616][  0]LogMeshMerging: No distributed automatic mesh merging module available
[2020.04.29-10.29.53:735][  0]LogNetVersion: senal 1.0.0, NetCL: 5660361, EngineNetVer: 10, GameNetVer: 0 (Checksum: 3832430221)
[2020.04.29-10.29.54:337][  0]LogMoviePlayer: Initializing movie player
[2020.04.29-10.29.54:542][  0]SourceControl: 소스 컨트롤이 꺼져 있습니다.
[2020.04.29-10.29.54:544][  0]SourceControl: 소스 컨트롤이 꺼져 있습니다.
[2020.04.29-10.29.54:546][  0]SourceControl: 소스 컨트롤이 꺼져 있습니다.
[2020.04.29-10.29.54:622][  0]LogAndroidPermission: UAndroidPermissionCallbackProxy::GetInstance
[2020.04.29-10.29.54:766][  0]LogOcInput: OculusInput pre-init called
[2020.04.29-10.29.54:782][  0]LogLinker: Warning: Asset 'C:/Users/HP/Desktop/senal_voice/Plugins/PluginExercise/Content/Materials/Widget3DPassThrough_NoDraw.uasset' has been saved with empty engine version. The asset will be loaded but may be incompatible.
[2020.04.29-10.29.54:796][  0]LogUObjectArray: 48049 objects as part of root set at end of initial load.
[2020.04.29-10.29.54:797][  0]LogUObjectAllocator: 8469576 out of 0 bytes used by permanent object pool.
[2020.04.29-10.29.54:797][  0]LogUObjectArray: CloseDisregardForGC: 0/0 objects in disregard for GC pool
[2020.04.29-10.29.54:924][  0]LogClass: Warning: FAvatarAnimInstanceProxy::HeadRotation is not initialized properly
[2020.04.29-10.29.54:928][  0]LogClass: Display: 1 Uninitialized script stuct members found
[2020.04.29-10.29.54:930][  0]LogAutomationTest: Warning: FAvatarAnimInstanceProxy::HeadRotation is not initialized properly
[2020.04.29-10.29.54:932][  0]LogEngine: Initializing Engine...
[2020.04.29-10.29.54:998][  0]LogHMD: Failed to initialize OpenVR with code 108
[2020.04.29-10.29.55:010][  0]LogStats: UGameplayTagsManager::InitializeManager -  0.000 s
[2020.04.29-10.29.55:177][  0]LogInit: Initializing FReadOnlyCVARCache
[2020.04.29-10.29.55:182][  0]LogAudioMixer: Display: Audio Mixer Platform Settings:
[2020.04.29-10.29.55:182][  0]LogAudioMixer: Display: 	Sample Rate:						  48000
[2020.04.29-10.29.55:182][  0]LogAudioMixer: Display: 	Callback Buffer Frame Size Requested: 1024
[2020.04.29-10.29.55:182][  0]LogAudioMixer: Display: 	Callback Buffer Frame Size To Use:	  1024
[2020.04.29-10.29.55:183][  0]LogAudioMixer: Display: 	Number of buffers to queue:			  2
[2020.04.29-10.29.55:183][  0]LogAudioMixer: Display: 	Max Channels (voices):				  0
[2020.04.29-10.29.55:184][  0]LogAudioMixer: Display: 	Number of Async Source Workers:		  0
[2020.04.29-10.29.55:185][  0]LogAudioMixer: Display: Initializing audio mixer.
[2020.04.29-10.29.55:208][  0]LogAudioMixer: Display: Audio Device Output Speaker Info:
[2020.04.29-10.29.55:208][  0]LogAudioMixer: Display: Name: 헤드폰(2- Rift Audio)
[2020.04.29-10.29.55:209][  0]LogAudioMixer: Display: Is Default: Yes
[2020.04.29-10.29.55:209][  0]LogAudioMixer: Display: Sample Rate: 48000
[2020.04.29-10.29.55:210][  0]LogAudioMixer: Display: Channel Count Used: 2
[2020.04.29-10.29.55:210][  0]LogAudioMixer: Display: Device Channel Count: 2
[2020.04.29-10.29.55:211][  0]LogAudioMixer: Display: Channel Order:
[2020.04.29-10.29.55:211][  0]LogAudioMixer: Display: 0: FrontLeft
[2020.04.29-10.29.55:211][  0]LogAudioMixer: Display: 1: FrontRight
[2020.04.29-10.29.55:240][  0]LogInit: FAudioDevice initialized.
[2020.04.29-10.29.55:251][  0]LogNetVersion: Set ProjectVersion to 1.0.0.0. Version Checksum will be recalculated on next use.
[2020.04.29-10.29.55:314][  0]LogDerivedDataCache: Saved boot cache 0.06s 67MB C:/Users/HP/AppData/Local/UnrealEngine/4.22/DerivedDataCache/Boot.ddc.
[2020.04.29-10.29.55:323][  0]LogInit: Texture streaming: Enabled
[2020.04.29-10.29.55:480][  0]LogSlate: Updating window title bar state: overlay mode, drag disabled, window buttons hidden, title bar hidden
[2020.04.29-10.29.55:480][  0]LogInit: Display: Game Engine Initialized.
[2020.04.29-10.29.55:548][  0]LogInit: Display: Starting Game.
[2020.04.29-10.29.55:548][  0]LogNet: Browse: /Game/AdvancedVillagePack/Maps/Sample1?Name=Player
[2020.04.29-10.29.55:549][  0]LogLoad: LoadMap: /Game/AdvancedVillagePack/Maps/Sample1?Name=Player
[2020.04.29-10.29.55:572][  0]LogAudioMixer: Display: No commands were queued while flushing the source manager.
[2020.04.29-10.29.55:578][  0]LogUObjectHash: Compacting FUObjectHashTables data took   2.20ms
