Log file open, 04/29/20 19:10:52
LogWindows: Failed to load 'aqProf.dll' (GetLastError=126)
LogWindows: File 'aqProf.dll' does not exist
LogWindows: Failed to load 'VtuneApi.dll' (GetLastError=126)
LogWindows: File 'VtuneApi.dll' does not exist
LogWindows: Failed to load 'VtuneApi32e.dll' (GetLastError=126)
LogWindows: File 'VtuneApi32e.dll' does not exist
LogConsoleResponse: Display: Failed to find resolution value strings in scalability ini. Falling back to default.
LogInit: Display: Running engine for game: senal
LogPakFile: Registered encryption key '00000000000000000000000000000000': 0 pak files mounted, 0 remain pending
LogPlatformFile: Not using cached read wrapper
LogTaskGraph: Started task graph with 5 named threads and 23 total threads with 3 sets of task threads.
LogStats: Stats thread started at 0.257291
LogD3D11RHI: Loaded GFSDK_Aftermath_Lib.x64.dll
LogICUInternationalization: ICU TimeZone Detection - Raw Offset: +9:00, Platform Override: ''
LogPluginManager: Mounting plugin Paper2D
LogPluginManager: Mounting plugin AISupport
LogPluginManager: Mounting plugin LightPropagationVolume
LogPluginManager: Mounting plugin ActorLayerUtilities
LogPluginManager: Mounting plugin AnimationSharing
LogPluginManager: Mounting plugin CLionSourceCodeAccess
LogPluginManager: Mounting plugin CodeLiteSourceCodeAccess
LogPluginManager: Mounting plugin GitSourceControl
LogPluginManager: Mounting plugin KDevelopSourceCodeAccess
LogPluginManager: Mounting plugin NullSourceCodeAccess
LogPluginManager: Mounting plugin PerforceSourceControl
LogPluginManager: Mounting plugin SubversionSourceControl
LogPluginManager: Mounting plugin UObjectPlugin
LogPluginManager: Mounting plugin VisualStudioCodeSourceCodeAccess
LogPluginManager: Mounting plugin VisualStudioSourceCodeAccess
LogPluginManager: Mounting plugin XCodeSourceCodeAccess
LogPluginManager: Mounting plugin AssetManagerEditor
LogPluginManager: Mounting plugin CryptoKeys
LogPluginManager: Mounting plugin DataValidation
LogPluginManager: Mounting plugin FacialAnimation
LogPluginManager: Mounting plugin GameplayTagsEditor
LogPluginManager: Mounting plugin MacGraphicsSwitching
LogPluginManager: Mounting plugin MaterialAnalyzer
LogPluginManager: Mounting plugin MobileLauncherProfileWizard
LogPluginManager: Mounting plugin PluginBrowser
LogPluginManager: Mounting plugin SpeedTreeImporter
LogPluginManager: Mounting plugin DatasmithContent
LogPluginManager: Mounting plugin VariantManagerContent
LogPluginManager: Mounting plugin AlembicImporter
LogPluginManager: Mounting plugin AppleImageUtils
LogPluginManager: Mounting plugin AppleVision
LogPluginManager: Mounting plugin BackChannel
LogPluginManager: Mounting plugin CharacterAI
LogPluginManager: Mounting plugin GeometryCache
LogPluginManager: Mounting plugin HTML5Networking
LogPluginManager: Mounting plugin ProxyLODPlugin
LogPluginManager: Mounting plugin SkeletalReduction
LogPluginManager: Mounting plugin MagicLeap
LogPluginManager: Mounting plugin MagicLeapMedia
LogPluginManager: Mounting plugin AndroidMedia
LogPluginManager: Mounting plugin AvfMedia
LogPluginManager: Mounting plugin ImgMedia
LogPluginManager: Mounting plugin LinearTimecode
LogPluginManager: Mounting plugin MediaCompositing
LogPluginManager: Mounting plugin MediaPlayerEditor
LogPluginManager: Mounting plugin WebMMedia
LogPluginManager: Mounting plugin WmfMedia
LogPluginManager: Mounting plugin TcpMessaging
LogPluginManager: Mounting plugin UdpMessaging
LogPluginManager: Mounting plugin ActorSequence
LogPluginManager: Mounting plugin LevelSequenceEditor
LogPluginManager: Mounting plugin MatineeToLevelSequence
LogPluginManager: Mounting plugin NetcodeUnitTest
LogPluginManager: Mounting plugin NUTUnrealEngine4
LogPluginManager: Mounting plugin OnlineSubsystemGooglePlay
LogPluginManager: Mounting plugin OnlineSubsystemIOS
LogPluginManager: Mounting plugin OnlineSubsystem
LogPluginManager: Mounting plugin OnlineSubsystemNull
LogPluginManager: Mounting plugin OnlineSubsystemSteam
LogPluginManager: Mounting plugin OnlineSubsystemUtils
LogPluginManager: Mounting plugin LauncherChunkInstaller
LogPluginManager: Mounting plugin AndroidDeviceProfileSelector
LogPluginManager: Mounting plugin AndroidMoviePlayer
LogPluginManager: Mounting plugin AndroidPermission
LogPluginManager: Mounting plugin AppleMoviePlayer
LogPluginManager: Mounting plugin ArchVisCharacter
LogPluginManager: Mounting plugin AudioCapture
LogPluginManager: Mounting plugin CableComponent
LogPluginManager: Mounting plugin CustomMeshComponent
LogPluginManager: Mounting plugin EditableMesh
LogPluginManager: Mounting plugin ExampleDeviceProfileSelector
LogPluginManager: Mounting plugin Firebase
LogPluginManager: Mounting plugin GoogleCloudMessaging
LogPluginManager: Mounting plugin IOSDeviceProfileSelector
LogPluginManager: Mounting plugin LinuxDeviceProfileSelector
LogPluginManager: Mounting plugin LocationServicesBPLibrary
LogPluginManager: Mounting plugin MobilePatchingUtils
LogPluginManager: Mounting plugin OculusVR
LogPluginManager: Mounting plugin PhysXVehicles
LogPluginManager: Mounting plugin ProceduralMeshComponent
LogPluginManager: Mounting plugin RuntimePhysXCooking
LogPluginManager: Mounting plugin SignificanceManager
LogPluginManager: Mounting plugin SoundUtilities
LogPluginManager: Mounting plugin SteamVR
LogPluginManager: Mounting plugin Synthesis
LogPluginManager: Mounting plugin WebMMoviePlayer
LogPluginManager: Mounting plugin WindowsMoviePlayer
LogPluginManager: Mounting plugin AdvancedSessions
LogPluginManager: Mounting plugin AdvancedSteamSessions
LogPluginManager: Mounting plugin gun
LogPluginManager: Mounting plugin oiooio
LogPluginManager: Mounting plugin OneImmersCustom
LogInit: Using libcurl 7.55.1-DEV
LogInit:  - built for x86_64-pc-win32
LogInit:  - supports SSL with OpenSSL/1.1.1
LogInit:  - supports HTTP deflate (compression) using libz 1.2.8
LogInit:  - other features:
LogInit:      CURL_VERSION_SSL
LogInit:      CURL_VERSION_LIBZ
LogInit:      CURL_VERSION_IPV6
LogInit:      CURL_VERSION_ASYNCHDNS
LogInit:      CURL_VERSION_LARGEFILE
LogInit:      CURL_VERSION_IDN
LogInit:  CurlRequestOptions (configurable via config and command line):
LogInit:  - bVerifyPeer = true  - Libcurl will verify peer certificate
LogInit:  - bUseHttpProxy = false  - Libcurl will NOT use HTTP proxy
LogInit:  - bDontReuseConnections = false  - Libcurl will reuse connections
LogInit:  - MaxHostConnections = 16  - Libcurl will limit the number of connections to a host
LogInit:  - LocalHostAddr = Default
LogInit:  - BufferSize = 65536
LogOnline: Display: STEAM: Loading Steam SDK 1.39
LogOnline: STEAM: Steam User is subscribed 1
LogOnline: STEAM: [AppId: 480] Client API initialized 1
LogOnline: STEAM: [AppId: 480] Game Server API initialized 0
LogOnline: Warning: STEAM: Failed to initialize Steam, this could be due to a Steam server and client running on the same machine. Try running with -NOSTEAM on the cmdline to disable.
LogOnline: Display: STEAM: OnlineSubsystemSteam::Shutdown()
LogOnline: Warning: STEAM: Steam API failed to initialize!
LogOnline: Display: STEAM: OnlineSubsystemSteam::Shutdown()
LogOnline: OSS: Unable to create OnlineSubsystem module Steam
LogInit: WinSock: version 1.1 (2.2), MaxSocks=32767, MaxUdp=65467
LogHMD: Failed initializing OVRPlugin 1.32.0
LogInit: Build: ++UE4+Release-4.22-CL-7053642
LogInit: Engine Version: 4.22.3-7053642+++UE4+Release-4.22
LogInit: Compatible Engine Version: 4.22.0-5660361+++UE4+Release-4.22
LogInit: Net CL: 5660361
LogInit: OS: Windows 10 (Release 1903) (), CPU: Intel(R) Core(TM) i7-7700K CPU @ 4.20GHz, GPU: NVIDIA GeForce GTX 1080
LogInit: Compiled (64-bit): Jun 18 2019 03:09:11
LogInit: Compiled with Visual C++: 19.16.27025.01
LogInit: Build Configuration: Development
LogInit: Branch Name: ++UE4+Release-4.22
LogInit: Command Line: -log sample1 -windowed -game
LogInit: Base Directory: D:/UE_4.22/Engine/Binaries/Win64/
LogInit: Installed Engine Build: 1
LogDevObjectVersion: Number of dev versions registered: 23
LogDevObjectVersion:   Dev-Blueprints (B0D832E4-1F89-4F0D-ACCF-7EB736FD4AA2): 10
LogDevObjectVersion:   Dev-Build (E1C64328-A22C-4D53-A36C-8E866417BD8C): 0
LogDevObjectVersion:   Dev-Core (375EC13C-06E4-48FB-B500-84F0262A717E): 3
LogDevObjectVersion:   Dev-Editor (E4B068ED-F494-42E9-A231-DA0B2E46BB41): 30
LogDevObjectVersion:   Dev-Framework (CFFC743F-43B0-4480-9391-14DF171D2073): 35
LogDevObjectVersion:   Dev-Mobile (B02B49B5-BB20-44E9-A304-32B752E40360): 2
LogDevObjectVersion:   Dev-Networking (A4E4105C-59A1-49B5-A7C5-40C4547EDFEE): 0
LogDevObjectVersion:   Dev-Online (39C831C9-5AE6-47DC-9A44-9C173E1C8E7C): 0
LogDevObjectVersion:   Dev-Physics (78F01B33-EBEA-4F98-B9B4-84EACCB95AA2): 0
LogDevObjectVersion:   Dev-Platform (6631380F-2D4D-43E0-8009-CF276956A95A): 0
LogDevObjectVersion:   Dev-Rendering (12F88B9F-8875-4AFC-A67C-D90C383ABD29): 28
LogDevObjectVersion:   Dev-Sequencer (7B5AE74C-D270-4C10-A958-57980B212A5A): 11
LogDevObjectVersion:   Dev-VR (D7296918-1DD6-4BDD-9DE2-64A83CC13884): 2
LogDevObjectVersion:   Dev-LoadTimes (C2A15278-BFE7-4AFE-6C17-90FF531DF755): 1
LogDevObjectVersion:   Private-Geometry (6EACA3D4-40EC-4CC1-B786-8BED09428FC5): 3
LogDevObjectVersion:   Dev-AnimPhys (29E575DD-E0A3-4627-9D10-D276232CDCEA): 17
LogDevObjectVersion:   Dev-Anim (AF43A65D-7FD3-4947-9873-3E8ED9C1BB05): 2
LogDevObjectVersion:   Dev-ReflectionCapture (6B266CEC-1EC7-4B8F-A30B-E4D90942FC07): 1
LogDevObjectVersion:   Dev-Automation (0DF73D61-A23F-47EA-B727-89E90C41499A): 1
LogDevObjectVersion:   FortniteMain (601D1886-AC64-4F84-AA16-D3DE0DEAC7D6): 25
LogDevObjectVersion:   Dev-Enterprise (9DFFBCD6-494F-0158-E221-12823C92A888): 6
LogDevObjectVersion:   Dev-Niagara (F2AED0AC-9AFE-416F-8664-AA7FFA26D6FC): 1
LogDevObjectVersion:   Dev-Destruction (174F1F0B-B4C6-45A5-B13F-2EE8D0FB917D): 2
LogInit: Presizing for max 16777216 objects, including 0 objects not considered by GC, pre-allocating 0 bytes for permanent pool.
LogInit: Object subsystem initialized
LogConfig: Setting CVar [[con.DebugEarlyDefault:1]]
LogConfig: Setting CVar [[r.setres:1280x720]]
[2020.04.29-10.10.53:287][  0]LogConfig: Setting CVar [[con.DebugEarlyDefault:1]]
[2020.04.29-10.10.53:287][  0]LogConfig: Setting CVar [[r.setres:1280x720]]
[2020.04.29-10.10.53:287][  0]LogConfig: Applying CVar settings from Section [/Script/Engine.RendererSettings] File [C:/Users/HP/Desktop/senal_voice/Saved/Config/Windows/Engine.ini]
[2020.04.29-10.10.53:288][  0]LogConfig: Setting CVar [[r.GPUCrashDebugging:0]]
[2020.04.29-10.10.53:288][  0]LogConfig: Setting CVar [[r.DefaultFeature.AutoExposure.ExtendDefaultLuminanceRange:1]]
[2020.04.29-10.10.53:288][  0]LogConfig: Setting CVar [[r.AllowGlobalClipPlane:1]]
[2020.04.29-10.10.53:289][  0]LogConfig: Applying CVar settings from Section [/Script/Engine.RendererOverrideSettings] File [C:/Users/HP/Desktop/senal_voice/Saved/Config/Windows/Engine.ini]
[2020.04.29-10.10.53:289][  0]LogConfig: Applying CVar settings from Section [/Script/Engine.StreamingSettings] File [C:/Users/HP/Desktop/senal_voice/Saved/Config/Windows/Engine.ini]
[2020.04.29-10.10.53:291][  0]LogConfig: Setting CVar [[s.MinBulkDataSizeForAsyncLoading:131072]]
[2020.04.29-10.10.53:291][  0]LogConfig: Setting CVar [[s.AsyncLoadingThreadEnabled:0]]
[2020.04.29-10.10.53:291][  0]LogConfig: Setting CVar [[s.EventDrivenLoaderEnabled:1]]
[2020.04.29-10.10.53:291][  0]LogConfig: Setting CVar [[s.WarnIfTimeLimitExceeded:0]]
[2020.04.29-10.10.53:292][  0]LogConfig: Setting CVar [[s.TimeLimitExceededMultiplier:1.5]]
[2020.04.29-10.10.53:292][  0]LogConfig: Setting CVar [[s.TimeLimitExceededMinTime:0.005]]
[2020.04.29-10.10.53:292][  0]LogConfig: Setting CVar [[s.UseBackgroundLevelStreaming:1]]
[2020.04.29-10.10.53:292][  0]LogConfig: Setting CVar [[s.PriorityAsyncLoadingExtraTime:15.0]]
[2020.04.29-10.10.53:293][  0]LogConfig: Setting CVar [[s.LevelStreamingActorsUpdateTimeLimit:5.0]]
[2020.04.29-10.10.53:293][  0]LogConfig: Setting CVar [[s.PriorityLevelStreamingActorsUpdateExtraTime:5.0]]
[2020.04.29-10.10.53:293][  0]LogConfig: Setting CVar [[s.LevelStreamingComponentsRegistrationGranularity:10]]
[2020.04.29-10.10.53:294][  0]LogConfig: Setting CVar [[s.UnregisterComponentsTimeLimit:1.0]]
[2020.04.29-10.10.53:294][  0]LogConfig: Setting CVar [[s.LevelStreamingComponentsUnregistrationGranularity:5]]
[2020.04.29-10.10.53:294][  0]LogConfig: Applying CVar settings from Section [/Script/Engine.GarbageCollectionSettings] File [C:/Users/HP/Desktop/senal_voice/Saved/Config/Windows/Engine.ini]
[2020.04.29-10.10.53:294][  0]LogConfig: Setting CVar [[gc.MaxObjectsNotConsideredByGC:1]]
[2020.04.29-10.10.53:295][  0]LogConfig: Setting CVar [[gc.SizeOfPermanentObjectPool:0]]
[2020.04.29-10.10.53:296][  0]LogConfig: Setting CVar [[gc.FlushStreamingOnGC:0]]
[2020.04.29-10.10.53:297][  0]LogConfig: Setting CVar [[gc.NumRetriesBeforeForcingGC:10]]
[2020.04.29-10.10.53:297][  0]LogConfig: Setting CVar [[gc.AllowParallelGC:1]]
[2020.04.29-10.10.53:297][  0]LogConfig: Setting CVar [[gc.TimeBetweenPurgingPendingKillObjects:61.1]]
[2020.04.29-10.10.53:297][  0]LogConfig: Setting CVar [[gc.MaxObjectsInEditor:16777216]]
[2020.04.29-10.10.53:298][  0]LogConfig: Setting CVar [[gc.IncrementalBeginDestroyEnabled:1]]
[2020.04.29-10.10.53:298][  0]LogConfig: Setting CVar [[gc.CreateGCClusters:1]]
[2020.04.29-10.10.53:298][  0]LogConfig: Setting CVar [[gc.MinGCClusterSize:5]]
[2020.04.29-10.10.53:298][  0]LogConfig: Setting CVar [[gc.ActorClusteringEnabled:0]]
[2020.04.29-10.10.53:299][  0]LogConfig: Setting CVar [[gc.BlueprintClusteringEnabled:0]]
[2020.04.29-10.10.53:299][  0]LogConfig: Setting CVar [[gc.UseDisregardForGCOnDedicatedServers:0]]
[2020.04.29-10.10.53:299][  0]LogConfig: Applying CVar settings from Section [/Script/Engine.NetworkSettings] File [C:/Users/HP/Desktop/senal_voice/Saved/Config/Windows/Engine.ini]
[2020.04.29-10.10.53:300][  0]LogConfig: Applying CVar settings from Section [/Script/UnrealEd.CookerSettings] File [C:/Users/HP/Desktop/senal_voice/Saved/Config/Windows/Engine.ini]
[2020.04.29-10.10.53:301][  0]LogConfig: Applying CVar settings from Section [ViewDistanceQuality@3] File [C:/Users/HP/Desktop/senal_voice/Saved/Config/Windows/Scalability.ini]
[2020.04.29-10.10.53:302][  0]LogConfig: Setting CVar [[r.SkeletalMeshLODBias:0]]
[2020.04.29-10.10.53:302][  0]LogConfig: Setting CVar [[r.ViewDistanceScale:1.0]]
[2020.04.29-10.10.53:302][  0]LogConfig: Applying CVar settings from Section [AntiAliasingQuality@3] File [C:/Users/HP/Desktop/senal_voice/Saved/Config/Windows/Scalability.ini]
[2020.04.29-10.10.53:303][  0]LogConfig: Setting CVar [[r.PostProcessAAQuality:4]]
[2020.04.29-10.10.53:303][  0]LogConfig: Applying CVar settings from Section [ShadowQuality@3] File [C:/Users/HP/Desktop/senal_voice/Saved/Config/Windows/Scalability.ini]
[2020.04.29-10.10.53:303][  0]LogConfig: Setting CVar [[r.LightFunctionQuality:1]]
[2020.04.29-10.10.53:304][  0]LogConfig: Setting CVar [[r.ShadowQuality:5]]
[2020.04.29-10.10.53:305][  0]LogConfig: Setting CVar [[r.Shadow.CSM.MaxCascades:10]]
[2020.04.29-10.10.53:306][  0]LogConfig: Setting CVar [[r.Shadow.MaxResolution:2048]]
[2020.04.29-10.10.53:306][  0]LogConfig: Setting CVar [[r.Shadow.MaxCSMResolution:2048]]
[2020.04.29-10.10.53:306][  0]LogConfig: Setting CVar [[r.Shadow.RadiusThreshold:0.01]]
[2020.04.29-10.10.53:307][  0]LogConfig: Setting CVar [[r.Shadow.DistanceScale:1.0]]
[2020.04.29-10.10.53:307][  0]LogConfig: Setting CVar [[r.Shadow.CSM.TransitionScale:1.0]]
[2020.04.29-10.10.53:307][  0]LogConfig: Setting CVar [[r.Shadow.PreShadowResolutionFactor:1.0]]
[2020.04.29-10.10.53:307][  0]LogConfig: Setting CVar [[r.DistanceFieldShadowing:1]]
[2020.04.29-10.10.53:308][  0]LogConfig: Setting CVar [[r.DistanceFieldAO:1]]
[2020.04.29-10.10.53:308][  0]LogConfig: Setting CVar [[r.AOQuality:2]]
[2020.04.29-10.10.53:308][  0]LogConfig: Setting CVar [[r.VolumetricFog:1]]
[2020.04.29-10.10.53:308][  0]LogConfig: Setting CVar [[r.VolumetricFog.GridPixelSize:8]]
[2020.04.29-10.10.53:308][  0]LogConfig: Setting CVar [[r.VolumetricFog.GridSizeZ:128]]
[2020.04.29-10.10.53:309][  0]LogConfig: Setting CVar [[r.VolumetricFog.HistoryMissSupersampleCount:4]]
[2020.04.29-10.10.53:309][  0]LogConfig: Setting CVar [[r.LightMaxDrawDistanceScale:1]]
[2020.04.29-10.10.53:309][  0]LogConfig: Setting CVar [[r.CapsuleShadows:1]]
[2020.04.29-10.10.53:309][  0]LogConfig: Applying CVar settings from Section [PostProcessQuality@3] File [C:/Users/HP/Desktop/senal_voice/Saved/Config/Windows/Scalability.ini]
[2020.04.29-10.10.53:310][  0]LogConfig: Setting CVar [[r.MotionBlurQuality:4]]
[2020.04.29-10.10.53:310][  0]LogConfig: Setting CVar [[r.AmbientOcclusionMipLevelFactor:0.4]]
[2020.04.29-10.10.53:310][  0]LogConfig: Setting CVar [[r.AmbientOcclusionMaxQuality:100]]
[2020.04.29-10.10.53:310][  0]LogConfig: Setting CVar [[r.AmbientOcclusionLevels:-1]]
[2020.04.29-10.10.53:310][  0]LogConfig: Setting CVar [[r.AmbientOcclusionRadiusScale:1.0]]
[2020.04.29-10.10.53:311][  0]LogConfig: Setting CVar [[r.DepthOfFieldQuality:2]]
[2020.04.29-10.10.53:311][  0]LogConfig: Setting CVar [[r.RenderTargetPoolMin:400]]
[2020.04.29-10.10.53:311][  0]LogConfig: Setting CVar [[r.LensFlareQuality:2]]
[2020.04.29-10.10.53:311][  0]LogConfig: Setting CVar [[r.SceneColorFringeQuality:1]]
[2020.04.29-10.10.53:312][  0]LogConfig: Setting CVar [[r.EyeAdaptationQuality:2]]
[2020.04.29-10.10.53:312][  0]LogConfig: Setting CVar [[r.BloomQuality:5]]
[2020.04.29-10.10.53:312][  0]LogConfig: Setting CVar [[r.FastBlurThreshold:100]]
[2020.04.29-10.10.53:312][  0]LogConfig: Setting CVar [[r.Upscale.Quality:3]]
[2020.04.29-10.10.53:313][  0]LogConfig: Setting CVar [[r.Tonemapper.GrainQuantization:1]]
[2020.04.29-10.10.53:313][  0]LogConfig: Setting CVar [[r.LightShaftQuality:1]]
[2020.04.29-10.10.53:313][  0]LogConfig: Setting CVar [[r.Filter.SizeScale:1]]
[2020.04.29-10.10.53:313][  0]LogConfig: Setting CVar [[r.Tonemapper.Quality:5]]
[2020.04.29-10.10.53:314][  0]LogConfig: Setting CVar [[r.DOF.Gather.AccumulatorQuality:1        ; higher gathering accumulator quality]]
[2020.04.29-10.10.53:314][  0]LogConfig: Setting CVar [[r.DOF.Gather.PostfilterMethod:1          ; Median3x3 postfilering method]]
[2020.04.29-10.10.53:314][  0]LogConfig: Setting CVar [[r.DOF.Gather.EnableBokehSettings:0       ; no bokeh simulation when gathering]]
[2020.04.29-10.10.53:314][  0]LogConfig: Setting CVar [[r.DOF.Gather.RingCount:4                 ; medium number of samples when gathering]]
[2020.04.29-10.10.53:315][  0]LogConfig: Setting CVar [[r.DOF.Scatter.ForegroundCompositing:1    ; additive foreground scattering]]
[2020.04.29-10.10.53:316][  0]LogConfig: Setting CVar [[r.DOF.Scatter.BackgroundCompositing:2    ; additive background scattering]]
[2020.04.29-10.10.53:317][  0]LogConfig: Setting CVar [[r.DOF.Scatter.EnableBokehSettings:1      ; bokeh simulation when scattering]]
[2020.04.29-10.10.53:317][  0]LogConfig: Setting CVar [[r.DOF.Scatter.MaxSpriteRatio:0.1         ; only a maximum of 10% of scattered bokeh]]
[2020.04.29-10.10.53:317][  0]LogConfig: Setting CVar [[r.DOF.Recombine.Quality:1                ; cheap slight out of focus]]
[2020.04.29-10.10.53:318][  0]LogConfig: Setting CVar [[r.DOF.Recombine.EnableBokehSettings:0    ; no bokeh simulation on slight out of focus]]
[2020.04.29-10.10.53:318][  0]LogConfig: Setting CVar [[r.DOF.TemporalAAQuality:1                ; more stable temporal accumulation]]
[2020.04.29-10.10.53:318][  0]LogConfig: Setting CVar [[r.DOF.Kernel.MaxForegroundRadius:0.025]]
[2020.04.29-10.10.53:319][  0]LogConfig: Setting CVar [[r.DOF.Kernel.MaxBackgroundRadius:0.025]]
[2020.04.29-10.10.53:319][  0]LogConfig: Applying CVar settings from Section [TextureQuality@3] File [C:/Users/HP/Desktop/senal_voice/Saved/Config/Windows/Scalability.ini]
[2020.04.29-10.10.53:319][  0]LogConfig: Setting CVar [[r.Streaming.MipBias:0]]
[2020.04.29-10.10.53:319][  0]LogConfig: Setting CVar [[r.Streaming.AmortizeCPUToGPUCopy:0]]
[2020.04.29-10.10.53:319][  0]LogConfig: Setting CVar [[r.Streaming.MaxNumTexturesToStreamPerFrame:0]]
[2020.04.29-10.10.53:320][  0]LogConfig: Setting CVar [[r.Streaming.Boost:1]]
[2020.04.29-10.10.53:320][  0]LogConfig: Setting CVar [[r.MaxAnisotropy:8]]
[2020.04.29-10.10.53:320][  0]LogConfig: Setting CVar [[r.Streaming.LimitPoolSizeToVRAM:0]]
[2020.04.29-10.10.53:321][  0]LogConfig: Setting CVar [[r.Streaming.PoolSize:1000]]
[2020.04.29-10.10.53:321][  0]LogConfig: Setting CVar [[r.Streaming.MaxEffectiveScreenSize:0]]
[2020.04.29-10.10.53:321][  0]LogConfig: Applying CVar settings from Section [EffectsQuality@3] File [C:/Users/HP/Desktop/senal_voice/Saved/Config/Windows/Scalability.ini]
[2020.04.29-10.10.53:322][  0]LogConfig: Setting CVar [[r.TranslucencyLightingVolumeDim:64]]
[2020.04.29-10.10.53:322][  0]LogConfig: Setting CVar [[r.RefractionQuality:2]]
[2020.04.29-10.10.53:322][  0]LogConfig: Setting CVar [[r.SSR.Quality:3]]
[2020.04.29-10.10.53:322][  0]LogConfig: Setting CVar [[r.SceneColorFormat:4]]
[2020.04.29-10.10.53:323][  0]LogConfig: Setting CVar [[r.DetailMode:2]]
[2020.04.29-10.10.53:323][  0]LogConfig: Setting CVar [[r.TranslucencyVolumeBlur:1]]
[2020.04.29-10.10.53:323][  0]LogConfig: Setting CVar [[r.MaterialQualityLevel:1 ; High quality]]
[2020.04.29-10.10.53:323][  0]LogConfig: Setting CVar [[r.SSS.Scale:1]]
[2020.04.29-10.10.53:323][  0]LogConfig: Setting CVar [[r.SSS.SampleSet:2]]
[2020.04.29-10.10.53:324][  0]LogConfig: Setting CVar [[r.SSS.Quality:1]]
[2020.04.29-10.10.53:324][  0]LogConfig: Setting CVar [[r.SSS.HalfRes:1]]
[2020.04.29-10.10.53:324][  0]LogConfig: Setting CVar [[r.EmitterSpawnRateScale:1.0]]
[2020.04.29-10.10.53:324][  0]LogConfig: Setting CVar [[r.ParticleLightQuality:2]]
[2020.04.29-10.10.53:325][  0]LogConfig: Applying CVar settings from Section [FoliageQuality@3] File [C:/Users/HP/Desktop/senal_voice/Saved/Config/Windows/Scalability.ini]
[2020.04.29-10.10.53:326][  0]LogConfig: Setting CVar [[foliage.DensityScale:1.0]]
[2020.04.29-10.10.53:326][  0]LogConfig: Setting CVar [[grass.DensityScale:1.0]]
[2020.04.29-10.10.53:327][  0]LogInit: Selected Device Profile: [Windows]
[2020.04.29-10.10.53:327][  0]LogInit: Applying CVar settings loaded from the selected device profile: [Windows]
[2020.04.29-10.10.53:337][  0]LogHAL: Display: Platform has ~ 16 GB [17049473024 / 17179869184 / 16], which maps to Larger [LargestMinGB=32, LargerMinGB=12, DefaultMinGB=8, SmallerMinGB=6, SmallestMinGB=0)
[2020.04.29-10.10.53:337][  0]LogConfig: Setting CVar [[r.Vulkan.UseRealUBs:0		; Required until we fix HLR fall-out]]
[2020.04.29-10.10.53:338][  0]LogInit: Going up to parent DeviceProfile []
[2020.04.29-10.10.53:338][  0]LogConfig: Applying CVar settings from Section [ViewDistanceQuality@3] File [C:/Users/HP/Desktop/senal_voice/Saved/Config/Windows/Scalability.ini]
[2020.04.29-10.10.53:338][  0]LogConfig: Setting CVar [[r.SkeletalMeshLODBias:0]]
[2020.04.29-10.10.53:339][  0]LogConfig: Setting CVar [[r.ViewDistanceScale:1.0]]
[2020.04.29-10.10.53:339][  0]LogConfig: Applying CVar settings from Section [AntiAliasingQuality@3] File [C:/Users/HP/Desktop/senal_voice/Saved/Config/Windows/Scalability.ini]
[2020.04.29-10.10.53:339][  0]LogConfig: Setting CVar [[r.PostProcessAAQuality:4]]
[2020.04.29-10.10.53:339][  0]LogConfig: Applying CVar settings from Section [ShadowQuality@3] File [C:/Users/HP/Desktop/senal_voice/Saved/Config/Windows/Scalability.ini]
[2020.04.29-10.10.53:340][  0]LogConfig: Setting CVar [[r.LightFunctionQuality:1]]
[2020.04.29-10.10.53:340][  0]LogConfig: Setting CVar [[r.ShadowQuality:5]]
[2020.04.29-10.10.53:340][  0]LogConfig: Setting CVar [[r.Shadow.CSM.MaxCascades:10]]
[2020.04.29-10.10.53:340][  0]LogConfig: Setting CVar [[r.Shadow.MaxResolution:2048]]
[2020.04.29-10.10.53:341][  0]LogConfig: Setting CVar [[r.Shadow.MaxCSMResolution:2048]]
[2020.04.29-10.10.53:341][  0]LogConfig: Setting CVar [[r.Shadow.RadiusThreshold:0.01]]
[2020.04.29-10.10.53:341][  0]LogConfig: Setting CVar [[r.Shadow.DistanceScale:1.0]]
[2020.04.29-10.10.53:341][  0]LogConfig: Setting CVar [[r.Shadow.CSM.TransitionScale:1.0]]
[2020.04.29-10.10.53:342][  0]LogConfig: Setting CVar [[r.Shadow.PreShadowResolutionFactor:1.0]]
[2020.04.29-10.10.53:342][  0]LogConfig: Setting CVar [[r.DistanceFieldShadowing:1]]
[2020.04.29-10.10.53:342][  0]LogConfig: Setting CVar [[r.DistanceFieldAO:1]]
[2020.04.29-10.10.53:342][  0]LogConfig: Setting CVar [[r.AOQuality:2]]
[2020.04.29-10.10.53:343][  0]LogConfig: Setting CVar [[r.VolumetricFog:1]]
[2020.04.29-10.10.53:343][  0]LogConfig: Setting CVar [[r.VolumetricFog.GridPixelSize:8]]
[2020.04.29-10.10.53:343][  0]LogConfig: Setting CVar [[r.VolumetricFog.GridSizeZ:128]]
[2020.04.29-10.10.53:343][  0]LogConfig: Setting CVar [[r.VolumetricFog.HistoryMissSupersampleCount:4]]
[2020.04.29-10.10.53:344][  0]LogConfig: Setting CVar [[r.LightMaxDrawDistanceScale:1]]
[2020.04.29-10.10.53:345][  0]LogConfig: Setting CVar [[r.CapsuleShadows:1]]
[2020.04.29-10.10.53:346][  0]LogConfig: Applying CVar settings from Section [PostProcessQuality@3] File [C:/Users/HP/Desktop/senal_voice/Saved/Config/Windows/Scalability.ini]
[2020.04.29-10.10.53:346][  0]LogConfig: Setting CVar [[r.MotionBlurQuality:4]]
[2020.04.29-10.10.53:346][  0]LogConfig: Setting CVar [[r.AmbientOcclusionMipLevelFactor:0.4]]
[2020.04.29-10.10.53:346][  0]LogConfig: Setting CVar [[r.AmbientOcclusionMaxQuality:100]]
[2020.04.29-10.10.53:347][  0]LogConfig: Setting CVar [[r.AmbientOcclusionLevels:-1]]
[2020.04.29-10.10.53:347][  0]LogConfig: Setting CVar [[r.AmbientOcclusionRadiusScale:1.0]]
[2020.04.29-10.10.53:347][  0]LogConfig: Setting CVar [[r.DepthOfFieldQuality:2]]
[2020.04.29-10.10.53:348][  0]LogConfig: Setting CVar [[r.RenderTargetPoolMin:400]]
[2020.04.29-10.10.53:348][  0]LogConfig: Setting CVar [[r.LensFlareQuality:2]]
[2020.04.29-10.10.53:348][  0]LogConfig: Setting CVar [[r.SceneColorFringeQuality:1]]
[2020.04.29-10.10.53:348][  0]LogConfig: Setting CVar [[r.EyeAdaptationQuality:2]]
[2020.04.29-10.10.53:349][  0]LogConfig: Setting CVar [[r.BloomQuality:5]]
[2020.04.29-10.10.53:349][  0]LogConfig: Setting CVar [[r.FastBlurThreshold:100]]
[2020.04.29-10.10.53:349][  0]LogConfig: Setting CVar [[r.Upscale.Quality:3]]
[2020.04.29-10.10.53:350][  0]LogConfig: Setting CVar [[r.Tonemapper.GrainQuantization:1]]
[2020.04.29-10.10.53:350][  0]LogConfig: Setting CVar [[r.LightShaftQuality:1]]
[2020.04.29-10.10.53:350][  0]LogConfig: Setting CVar [[r.Filter.SizeScale:1]]
[2020.04.29-10.10.53:351][  0]LogConfig: Setting CVar [[r.Tonemapper.Quality:5]]
[2020.04.29-10.10.53:352][  0]LogConfig: Setting CVar [[r.DOF.Gather.AccumulatorQuality:1        ; higher gathering accumulator quality]]
[2020.04.29-10.10.53:352][  0]LogConfig: Setting CVar [[r.DOF.Gather.PostfilterMethod:1          ; Median3x3 postfilering method]]
[2020.04.29-10.10.53:352][  0]LogConfig: Setting CVar [[r.DOF.Gather.EnableBokehSettings:0       ; no bokeh simulation when gathering]]
[2020.04.29-10.10.53:353][  0]LogConfig: Setting CVar [[r.DOF.Gather.RingCount:4                 ; medium number of samples when gathering]]
[2020.04.29-10.10.53:353][  0]LogConfig: Setting CVar [[r.DOF.Scatter.ForegroundCompositing:1    ; additive foreground scattering]]
[2020.04.29-10.10.53:353][  0]LogConfig: Setting CVar [[r.DOF.Scatter.BackgroundCompositing:2    ; additive background scattering]]
[2020.04.29-10.10.53:354][  0]LogConfig: Setting CVar [[r.DOF.Scatter.EnableBokehSettings:1      ; bokeh simulation when scattering]]
[2020.04.29-10.10.53:356][  0]LogConfig: Setting CVar [[r.DOF.Scatter.MaxSpriteRatio:0.1         ; only a maximum of 10% of scattered bokeh]]
[2020.04.29-10.10.53:356][  0]LogConfig: Setting CVar [[r.DOF.Recombine.Quality:1                ; cheap slight out of focus]]
[2020.04.29-10.10.53:356][  0]LogConfig: Setting CVar [[r.DOF.Recombine.EnableBokehSettings:0    ; no bokeh simulation on slight out of focus]]
[2020.04.29-10.10.53:357][  0]LogConfig: Setting CVar [[r.DOF.TemporalAAQuality:1                ; more stable temporal accumulation]]
[2020.04.29-10.10.53:357][  0]LogConfig: Setting CVar [[r.DOF.Kernel.MaxForegroundRadius:0.025]]
[2020.04.29-10.10.53:357][  0]LogConfig: Setting CVar [[r.DOF.Kernel.MaxBackgroundRadius:0.025]]
[2020.04.29-10.10.53:358][  0]LogConfig: Applying CVar settings from Section [TextureQuality@3] File [C:/Users/HP/Desktop/senal_voice/Saved/Config/Windows/Scalability.ini]
[2020.04.29-10.10.53:358][  0]LogConfig: Setting CVar [[r.Streaming.MipBias:0]]
[2020.04.29-10.10.53:359][  0]LogConfig: Setting CVar [[r.Streaming.AmortizeCPUToGPUCopy:0]]
[2020.04.29-10.10.53:359][  0]LogConfig: Setting CVar [[r.Streaming.MaxNumTexturesToStreamPerFrame:0]]
[2020.04.29-10.10.53:359][  0]LogConfig: Setting CVar [[r.Streaming.Boost:1]]
[2020.04.29-10.10.53:359][  0]LogConfig: Setting CVar [[r.MaxAnisotropy:8]]
[2020.04.29-10.10.53:360][  0]LogConfig: Setting CVar [[r.Streaming.LimitPoolSizeToVRAM:0]]
[2020.04.29-10.10.53:360][  0]LogConfig: Setting CVar [[r.Streaming.PoolSize:1000]]
[2020.04.29-10.10.53:360][  0]LogConfig: Setting CVar [[r.Streaming.MaxEffectiveScreenSize:0]]
[2020.04.29-10.10.53:360][  0]LogConfig: Applying CVar settings from Section [EffectsQuality@3] File [C:/Users/HP/Desktop/senal_voice/Saved/Config/Windows/Scalability.ini]
[2020.04.29-10.10.53:361][  0]LogConfig: Setting CVar [[r.TranslucencyLightingVolumeDim:64]]
[2020.04.29-10.10.53:361][  0]LogConfig: Setting CVar [[r.RefractionQuality:2]]
[2020.04.29-10.10.53:361][  0]LogConfig: Setting CVar [[r.SSR.Quality:3]]
[2020.04.29-10.10.53:361][  0]LogConfig: Setting CVar [[r.SceneColorFormat:4]]
[2020.04.29-10.10.53:362][  0]LogConfig: Setting CVar [[r.DetailMode:2]]
[2020.04.29-10.10.53:362][  0]LogConfig: Setting CVar [[r.TranslucencyVolumeBlur:1]]
[2020.04.29-10.10.53:362][  0]LogConfig: Setting CVar [[r.MaterialQualityLevel:1 ; High quality]]
[2020.04.29-10.10.53:362][  0]LogConfig: Setting CVar [[r.SSS.Scale:1]]
[2020.04.29-10.10.53:363][  0]LogConfig: Setting CVar [[r.SSS.SampleSet:2]]
[2020.04.29-10.10.53:363][  0]LogConfig: Setting CVar [[r.SSS.Quality:1]]
[2020.04.29-10.10.53:363][  0]LogConfig: Setting CVar [[r.SSS.HalfRes:1]]
[2020.04.29-10.10.53:364][  0]LogConfig: Setting CVar [[r.EmitterSpawnRateScale:1.0]]
[2020.04.29-10.10.53:366][  0]LogConfig: Setting CVar [[r.ParticleLightQuality:2]]
[2020.04.29-10.10.53:366][  0]LogConfig: Applying CVar settings from Section [FoliageQuality@3] File [C:/Users/HP/Desktop/senal_voice/Saved/Config/Windows/Scalability.ini]
[2020.04.29-10.10.53:366][  0]LogConfig: Setting CVar [[foliage.DensityScale:1.0]]
[2020.04.29-10.10.53:367][  0]LogConfig: Setting CVar [[grass.DensityScale:1.0]]
[2020.04.29-10.10.53:368][  0]LogConfig: Applying CVar settings from Section [Startup] File [../../../Engine/Config/ConsoleVariables.ini]
[2020.04.29-10.10.53:368][  0]LogConfig: Setting CVar [[net.UseAdaptiveNetUpdateFrequency:0]]
[2020.04.29-10.10.53:368][  0]LogConfig: Setting CVar [[p.chaos.AllowCreatePhysxBodies:1]]
[2020.04.29-10.10.53:368][  0]LogConfig: Applying CVar settings from Section [ConsoleVariables] File [C:/Users/HP/Desktop/senal_voice/Saved/Config/Windows/Engine.ini]
[2020.04.29-10.10.53:369][  0]LogInit: Computer: DESKTOP-V659D0B
[2020.04.29-10.10.53:369][  0]LogInit: User: HP
[2020.04.29-10.10.53:369][  0]LogInit: CPU Page size=4096, Cores=4
[2020.04.29-10.10.53:370][  0]LogInit: High frequency timer resolution =10.000000 MHz
[2020.04.29-10.10.53:370][  0]LogMemory: Memory total: Physical=15.9GB (16GB approx)
[2020.04.29-10.10.53:370][  0]LogMemory: Platform Memory Stats for Windows
[2020.04.29-10.10.53:370][  0]LogMemory: Process Physical Memory: 133.72 MB used, 133.73 MB peak
[2020.04.29-10.10.53:371][  0]LogMemory: Process Virtual Memory: 108.40 MB used, 108.40 MB peak
[2020.04.29-10.10.53:371][  0]LogMemory: Physical Memory: 6696.52 MB used,  9563.13 MB free, 16259.64 MB total
[2020.04.29-10.10.53:371][  0]LogMemory: Virtual Memory: 4798.63 MB used,  134212928.00 MB free, 134217728.00 MB total
[2020.04.29-10.10.53:404][  0]LogInit: Using OS detected language (ko-KR).
[2020.04.29-10.10.53:405][  0]LogInit: Using OS detected locale (ko-KR).
[2020.04.29-10.10.53:409][  0]LogTextLocalizationManager: No specific localization for 'ko-KR' exists, so the 'ko' localization will be used.
[2020.04.29-10.10.53:550][  0]LogSlate: New Slate User Created.  User Index 0, Is Virtual User: 0
[2020.04.29-10.10.53:550][  0]LogSlate: Slate User Registered.  User Index 0, Is Virtual User: 0
[2020.04.29-10.10.53:600][  0]LogHMD: Failed to initialize OpenVR with code 108
[2020.04.29-10.10.53:600][  0]LogD3D11RHI: D3D11 adapters:
[2020.04.29-10.10.53:694][  0]LogD3D11RHI:    0. 'NVIDIA GeForce GTX 1080' (Feature Level 11_0)
[2020.04.29-10.10.53:694][  0]LogD3D11RHI:       8079/0/8129 MB DedicatedVideo/DedicatedSystem/SharedSystem, Outputs:1, VendorId:0x10de
[2020.04.29-10.10.53:717][  0]LogD3D11RHI:    1. 'Intel(R) HD Graphics 630' (Feature Level 11_0)
[2020.04.29-10.10.53:717][  0]LogD3D11RHI:       128/0/8129 MB DedicatedVideo/DedicatedSystem/SharedSystem, Outputs:0, VendorId:0x8086
[2020.04.29-10.10.53:722][  0]LogD3D11RHI:    2. 'Microsoft Basic Render Driver' (Feature Level 11_0)
[2020.04.29-10.10.53:722][  0]LogD3D11RHI:       0/0/8129 MB DedicatedVideo/DedicatedSystem/SharedSystem, Outputs:0, VendorId:0x1414
[2020.04.29-10.10.53:722][  0]LogD3D11RHI: Chosen D3D11 Adapter: 0
[2020.04.29-10.10.53:731][  0]LogD3D11RHI: Creating new Direct3DDevice
[2020.04.29-10.10.53:731][  0]LogD3D11RHI:     GPU DeviceId: 0x1b80 (for the marketing name, search the web for "GPU Device Id")
[2020.04.29-10.10.53:732][  0]LogWindows: EnumDisplayDevices:
[2020.04.29-10.10.53:732][  0]LogWindows:    0. 'NVIDIA GeForce GTX 1080' (P:1 D:1)
[2020.04.29-10.10.53:733][  0]LogWindows:    1. 'NVIDIA GeForce GTX 1080' (P:0 D:0)
[2020.04.29-10.10.53:733][  0]LogWindows:    2. 'NVIDIA GeForce GTX 1080' (P:0 D:0)
[2020.04.29-10.10.53:733][  0]LogWindows:    3. 'NVIDIA GeForce GTX 1080' (P:0 D:0)
[2020.04.29-10.10.53:734][  0]LogWindows:    4. 'Intel(R) HD Graphics 630' (P:0 D:0)
[2020.04.29-10.10.53:734][  0]LogWindows:    5. 'Intel(R) HD Graphics 630' (P:0 D:0)
[2020.04.29-10.10.53:735][  0]LogWindows:    6. 'Intel(R) HD Graphics 630' (P:0 D:0)
[2020.04.29-10.10.53:735][  0]LogWindows: DebugString: PrimaryIsNotTheChoosenAdapter PrimaryIsNotTheChoosenAdapter PrimaryIsNotTheChoosenAdapter FoundDriverCount:4 
[2020.04.29-10.10.53:736][  0]LogD3D11RHI:     Adapter Name: NVIDIA GeForce GTX 1080
[2020.04.29-10.10.53:736][  0]LogD3D11RHI:   Driver Version: 442.23 (internal:26.21.14.4223, unified:442.23)
[2020.04.29-10.10.53:737][  0]LogD3D11RHI:      Driver Date: 1-31-2020
[2020.04.29-10.10.53:737][  0]LogRHI: Texture pool is 5655 MB (70% of 8079 MB)
[2020.04.29-10.10.53:788][  0]LogD3D11RHI: Async texture creation enabled
[2020.04.29-10.10.53:827][  0]LogRendererCore: FGlobalReadBuffer::InitRHI
[2020.04.29-10.10.53:827][  0]LogRendererCore: FGlobalReadBuffer::InitRHI
[2020.04.29-10.10.53:828][  0]LogRendererCore: FGlobalReadBuffer::InitRHI
[2020.04.29-10.10.53:836][  0]LogD3D11RHI: GPU Timing Frequency: 1000.000000 (Debug: 2 1)
[2020.04.29-10.10.54:132][  0]LogTemp: Display: Module 'WindowsClientTargetPlatform' loaded TargetPlatform 'WindowsClient'
[2020.04.29-10.10.54:145][  0]LogTemp: Display: Module 'WindowsNoEditorTargetPlatform' loaded TargetPlatform 'WindowsNoEditor'
[2020.04.29-10.10.54:156][  0]LogTemp: Display: Module 'WindowsServerTargetPlatform' loaded TargetPlatform 'WindowsServer'
[2020.04.29-10.10.54:162][  0]LogTemp: Display: Module 'WindowsTargetPlatform' loaded TargetPlatform 'Windows'
[2020.04.29-10.10.54:162][  0]LogTargetPlatformManager: Display: Building Assets For Windows
[2020.04.29-10.10.54:169][  0]LogAudioDebug: Display: Lib vorbis DLL was dynamically loaded.
[2020.04.29-10.10.54:215][  0]LogShaderCompilers: Guid format shader working directory is 12 characters bigger than the processId version (C:/Users/HP/Desktop/senal_voice/Intermediate/Shaders/WorkingDirectory/8344/).
[2020.04.29-10.10.54:215][  0]LogShaderCompilers: Cleaned the shader compiler working directory 'C:/Users/HP/AppData/Local/Temp/UnrealShaderWorkingDir/5914D020496EC4954AB25284A3164028/'.
[2020.04.29-10.10.54:218][  0]LogXGEController: Cannot use XGE Controller as Incredibuild is not installed on this machine.
[2020.04.29-10.10.54:218][  0]LogShaderCompilers: Cannot use XGE Shader Compiler as Incredibuild is not installed on this machine.
[2020.04.29-10.10.54:218][  0]LogShaderCompilers: Display: Using Local Shader Compiler.
[2020.04.29-10.10.54:659][  0]LogDerivedDataCache: Display: Max Cache Size: 512 MB
[2020.04.29-10.10.54:702][  0]LogDerivedDataCache: Loaded boot cache 0.04s 72MB C:/Users/HP/AppData/Local/UnrealEngine/4.22/DerivedDataCache/Boot.ddc.
[2020.04.29-10.10.54:702][  0]LogDerivedDataCache: Display: Loaded Boot cache: C:/Users/HP/AppData/Local/UnrealEngine/4.22/DerivedDataCache/Boot.ddc
[2020.04.29-10.10.54:703][  0]LogDerivedDataCache: FDerivedDataBackendGraph:  Pak pak cache file C:/Users/HP/Desktop/senal_voice/DerivedDataCache/DDC.ddp not found, will not use a pak cache.
[2020.04.29-10.10.54:704][  0]LogDerivedDataCache: Unable to find inner node Pak for hierarchical cache Hierarchy.
[2020.04.29-10.10.54:704][  0]LogDerivedDataCache: FDerivedDataBackendGraph:  CompressedPak pak cache file C:/Users/HP/Desktop/senal_voice/DerivedDataCache/Compressed.ddp not found, will not use a pak cache.
[2020.04.29-10.10.54:704][  0]LogDerivedDataCache: Unable to find inner node CompressedPak for hierarchical cache Hierarchy.
[2020.04.29-10.10.54:714][  0]LogDerivedDataCache: Display: Pak cache opened for reading ../../../Engine/DerivedDataCache/Compressed.ddp.
[2020.04.29-10.10.54:714][  0]LogDerivedDataCache: FDerivedDataBackendGraph:  EnterprisePak pak cache file ../../../Enterprise/DerivedDataCache/Compressed.ddp not found, will not use a pak cache.
[2020.04.29-10.10.54:714][  0]LogDerivedDataCache: Unable to find inner node EnterprisePak for hierarchical cache Hierarchy.
[2020.04.29-10.10.54:726][  0]LogDerivedDataCache: Using Local data cache path C:/Users/HP/AppData/Local/UnrealEngine/Common/DerivedDataCache: Writable
[2020.04.29-10.10.54:726][  0]LogDerivedDataCache: Shared data cache path not found in *engine.ini, will not use an Shared cache.
[2020.04.29-10.10.54:726][  0]LogDerivedDataCache: Unable to find inner node Shared for hierarchical cache Hierarchy.
[2020.04.29-10.10.54:746][  0]LogMaterial: Verifying Global Shaders for PCD3D_SM5
[2020.04.29-10.10.54:747][  0]LogSlate: Using FreeType 2.6.0
[2020.04.29-10.10.54:748][  0]LogSlate: SlateFontServices - WITH_FREETYPE: 1, WITH_HARFBUZZ: 1
[2020.04.29-10.10.54:852][  0]LogInit: Using OS detected language (ko-KR).
[2020.04.29-10.10.54:852][  0]LogInit: Using OS detected locale (ko-KR).
[2020.04.29-10.10.54:852][  0]LogTextLocalizationManager: No localization for 'ko-KR' exists, so 'en' will be used for the language.
[2020.04.29-10.10.54:853][  0]LogTextLocalizationManager: No localization for 'ko-KR' exists, so 'en' will be used for the locale.
[2020.04.29-10.10.54:853][  0]LogSlate: FontCache flush requested. Reason: Culture for localization was changed
[2020.04.29-10.10.54:853][  0]LogSlate: FontCache flush requested. Reason: Culture for localization was changed
[2020.04.29-10.10.54:854][  0]LogTextLocalizationManager: Compacting localization data took   0.00ms
[2020.04.29-10.10.54:860][  0]LogAssetRegistry: FAssetRegistry took 0.0033 seconds to start up
[2020.04.29-10.10.55:050][  0]LogPackageLocalizationCache: Processed 15 localized package path(s) for 1 prioritized culture(s) in 0.026429 seconds
[2020.04.29-10.10.55:186][  0]LogInit: Selected Device Profile: [Windows]
[2020.04.29-10.10.55:232][  0]LogMeshReduction: Using QuadricMeshReduction for automatic static mesh reduction
[2020.04.29-10.10.55:232][  0]LogMeshReduction: Using SimplygonMeshReduction for automatic skeletal mesh reduction
[2020.04.29-10.10.55:233][  0]LogMeshReduction: Using ProxyLODMeshReduction for automatic mesh merging
[2020.04.29-10.10.55:233][  0]LogMeshReduction: No distributed automatic mesh merging module available
[2020.04.29-10.10.55:233][  0]LogMeshMerging: No distributed automatic mesh merging module available
[2020.04.29-10.10.55:319][  0]LogNetVersion: senal 1.0.0, NetCL: 5660361, EngineNetVer: 10, GameNetVer: 0 (Checksum: 3832430221)
[2020.04.29-10.10.55:761][  0]LogMoviePlayer: Initializing movie player
[2020.04.29-10.10.55:903][  0]SourceControl: 소스 컨트롤이 꺼져 있습니다.
[2020.04.29-10.10.55:904][  0]SourceControl: 소스 컨트롤이 꺼져 있습니다.
[2020.04.29-10.10.55:905][  0]SourceControl: 소스 컨트롤이 꺼져 있습니다.
[2020.04.29-10.10.55:955][  0]LogAndroidPermission: UAndroidPermissionCallbackProxy::GetInstance
[2020.04.29-10.10.56:023][  0]LogOcInput: OculusInput pre-init called
[2020.04.29-10.10.56:039][  0]LogLinker: Warning: Asset 'C:/Users/HP/Desktop/senal_voice/Plugins/PluginExercise/Content/Materials/Widget3DPassThrough_NoDraw.uasset' has been saved with empty engine version. The asset will be loaded but may be incompatible.
[2020.04.29-10.10.56:055][  0]LogUObjectArray: 48049 objects as part of root set at end of initial load.
[2020.04.29-10.10.56:056][  0]LogUObjectAllocator: 8469576 out of 0 bytes used by permanent object pool.
[2020.04.29-10.10.56:057][  0]LogUObjectArray: CloseDisregardForGC: 0/0 objects in disregard for GC pool
[2020.04.29-10.10.56:195][  0]LogClass: Warning: FAvatarAnimInstanceProxy::HeadRotation is not initialized properly
[2020.04.29-10.10.56:196][  0]LogClass: Display: 1 Uninitialized script stuct members found
[2020.04.29-10.10.56:197][  0]LogAutomationTest: Warning: FAvatarAnimInstanceProxy::HeadRotation is not initialized properly
[2020.04.29-10.10.56:198][  0]LogEngine: Initializing Engine...
[2020.04.29-10.10.56:252][  0]LogHMD: Failed to initialize OpenVR with code 108
[2020.04.29-10.10.56:264][  0]LogStats: UGameplayTagsManager::InitializeManager -  0.000 s
[2020.04.29-10.10.56:390][  0]LogInit: Initializing FReadOnlyCVARCache
[2020.04.29-10.10.56:395][  0]LogAudioMixer: Display: Audio Mixer Platform Settings:
[2020.04.29-10.10.56:395][  0]LogAudioMixer: Display: 	Sample Rate:						  48000
[2020.04.29-10.10.56:395][  0]LogAudioMixer: Display: 	Callback Buffer Frame Size Requested: 1024
[2020.04.29-10.10.56:396][  0]LogAudioMixer: Display: 	Callback Buffer Frame Size To Use:	  1024
[2020.04.29-10.10.56:396][  0]LogAudioMixer: Display: 	Number of buffers to queue:			  2
[2020.04.29-10.10.56:396][  0]LogAudioMixer: Display: 	Max Channels (voices):				  0
[2020.04.29-10.10.56:397][  0]LogAudioMixer: Display: 	Number of Async Source Workers:		  0
[2020.04.29-10.10.56:398][  0]LogAudioMixer: Display: Initializing audio mixer.
[2020.04.29-10.10.56:409][  0]LogAudioMixer: Display: Audio Device Output Speaker Info:
[2020.04.29-10.10.56:409][  0]LogAudioMixer: Display: Name: 스피커(Synaptics HD Audio)
[2020.04.29-10.10.56:410][  0]LogAudioMixer: Display: Is Default: Yes
[2020.04.29-10.10.56:410][  0]LogAudioMixer: Display: Sample Rate: 48000
[2020.04.29-10.10.56:410][  0]LogAudioMixer: Display: Channel Count Used: 2
[2020.04.29-10.10.56:410][  0]LogAudioMixer: Display: Device Channel Count: 2
[2020.04.29-10.10.56:411][  0]LogAudioMixer: Display: Channel Order:
[2020.04.29-10.10.56:411][  0]LogAudioMixer: Display: 0: FrontLeft
[2020.04.29-10.10.56:411][  0]LogAudioMixer: Display: 1: FrontRight
[2020.04.29-10.10.56:435][  0]LogInit: FAudioDevice initialized.
[2020.04.29-10.10.56:446][  0]LogNetVersion: Set ProjectVersion to 1.0.0.0. Version Checksum will be recalculated on next use.
[2020.04.29-10.10.56:487][  0]LogDerivedDataCache: Saved boot cache 0.04s 72MB C:/Users/HP/AppData/Local/UnrealEngine/4.22/DerivedDataCache/Boot.ddc.
[2020.04.29-10.10.56:493][  0]LogInit: Texture streaming: Enabled
[2020.04.29-10.10.56:618][  0]LogSlate: Updating window title bar state: overlay mode, drag disabled, window buttons hidden, title bar hidden
[2020.04.29-10.10.56:618][  0]LogInit: Display: Game Engine Initialized.
[2020.04.29-10.10.56:669][  0]LogInit: Display: Starting Game.
[2020.04.29-10.10.56:669][  0]LogNet: Browse: /Game/AdvancedVillagePack/Maps/Sample1?Name=Player
[2020.04.29-10.10.56:670][  0]LogLoad: LoadMap: /Game/AdvancedVillagePack/Maps/Sample1?Name=Player
[2020.04.29-10.10.56:692][  0]LogAudioMixer: Display: No commands were queued while flushing the source manager.
[2020.04.29-10.10.56:694][  0]LogUObjectHash: Compacting FUObjectHashTables data took   2.10ms
[2020.04.29-10.10.57:064][  0]LogAIModule: Creating AISystem for world Sample1
[2020.04.29-10.10.57:065][  0]LogLoad: Game class is 'SampleGameModeBase_C'
[2020.04.29-10.10.57:069][  0]LogWorld: Bringing World /Game/AdvancedVillagePack/Maps/Sample1.Sample1 up for play (max tick rate 0) at 2020.04.29-19.10.57
[2020.04.29-10.10.57:070][  0]LogWorld: Bringing up level for play took: 0.003508
[2020.04.29-10.10.57:094][  0]LogVoiceCapture: Warning: Failed to create capture device 0x88780078
[2020.04.29-10.10.57:094][  0]LogVoiceEncode: Display: EncoderVersion: libopus 1.1-beta
[2020.04.29-10.10.57:095][  0]LogVoice: Warning: Voice capture initialization failed!
[2020.04.29-10.10.57:108][  0]LogBlueprintUserMessages: [samplecar_C_0] VoIP Complete
[2020.04.29-10.10.57:108][  0]LogLoad: Took 0.437836 seconds to LoadMap(/Game/AdvancedVillagePack/Maps/Sample1)
[2020.04.29-10.10.57:165][  0]LogRenderer: Reallocating scene render targets to support 888x500 Format 10 NumSamples 1 (Frame:1).
[2020.04.29-10.10.57:166][  0]LogLoad: (Engine Initialization) Total time: 5.32 seconds
[2020.04.29-10.10.57:167][  0]LogLoad: (Engine Initialization) Total Blueprint compile time: 0.00 seconds
[2020.04.29-10.10.57:195][  0]LogContentStreaming: Texture pool size now 1000 MB
[2020.04.29-10.10.58:181][ 50]LogBlueprintUserMessages: [SamplePlayerController_C_0] find session
[2020.04.29-10.10.58:204][ 50]LogInit: WinSock: I am DESKTOP-V659D0B (223.194.45.59:0)
[2020.04.29-10.11.33:251][220]LogSlate: Window 'senal (64 비트, PCD3D_SM5) ' being destroyed
[2020.04.29-10.11.33:254][220]LogWindowsTextInputMethodSystem: Display: IME system now activated using TSF (Microsoft 입력기).
[2020.04.29-10.11.33:256][220]LogSlate: Updating window title bar state: overlay mode, drag disabled, window buttons hidden, title bar hidden
[2020.04.29-10.11.33:257][220]LogEngine: All Windows Closed
[2020.04.29-10.11.33:257][220]LogWindows: FPlatformMisc::RequestExit(0)
[2020.04.29-10.11.33:262][221]LogAudioMixer: Display: No commands were queued while flushing the source manager.
[2020.04.29-10.11.34:285][221]LogExit: Preparing to exit.
[2020.04.29-10.11.34:285][221]LogMoviePlayer: Shutting down movie player
[2020.04.29-10.11.34:294][221]LogSlate: Updating window title bar state: overlay mode, drag disabled, window buttons hidden, title bar hidden
[2020.04.29-10.11.34:302][221]LogExit: Game engine shut down
[2020.04.29-10.11.34:356][221]LogExit: Object subsystem successfully closed.
[2020.04.29-10.11.34:371][221]LogShaderCompilers: Display: Shaders left to compile 0
[2020.04.29-10.11.34:373][221]LogD3D11RHI: Shutdown
[2020.04.29-10.11.34:374][221]LogD3D11RHI: CleanupD3DDevice
[2020.04.29-10.11.34:374][221]LogRendererCore: FGlobalReadBuffer::ReleaseRHI
[2020.04.29-10.11.34:374][221]LogRendererCore: FGlobalDynamicReadBuffer::Cleanup()
[2020.04.29-10.11.34:375][221]LogRendererCore: FGlobalReadBuffer::ReleaseRHI
[2020.04.29-10.11.34:375][221]LogRendererCore: FGlobalDynamicReadBuffer::Cleanup()
[2020.04.29-10.11.34:376][221]LogRendererCore: FGlobalReadBuffer::ReleaseRHI
[2020.04.29-10.11.34:376][221]LogRendererCore: FGlobalDynamicReadBuffer::Cleanup()
[2020.04.29-10.11.34:446][221]LogD3D11RHI: ~FD3D11DynamicRHI
[2020.04.29-10.11.34:453][221]LogModuleManager: Shutting down and abandoning module SequenceRecorderSections (416)
[2020.04.29-10.11.34:453][221]LogModuleManager: Shutting down and abandoning module SequenceRecorder (414)
[2020.04.29-10.11.34:453][221]LogModuleManager: Shutting down and abandoning module AutomationController (412)
[2020.04.29-10.11.34:454][221]LogModuleManager: Shutting down and abandoning module AutomationWorker (410)
[2020.04.29-10.11.34:454][221]LogModuleManager: Shutting down and abandoning module Voice (408)
[2020.04.29-10.11.34:455][221]LogModuleManager: Shutting down and abandoning module AIModule (406)
[2020.04.29-10.11.34:455][221]LogModuleManager: Shutting down and abandoning module GameplayDebugger (405)
[2020.04.29-10.11.34:456][221]LogModuleManager: Shutting down and abandoning module AITestSuite (403)
[2020.04.29-10.11.34:457][221]LogModuleManager: Shutting down and abandoning module NavigationSystem (401)
[2020.04.29-10.11.34:457][221]LogModuleManager: Shutting down and abandoning module OculusMR (398)
[2020.04.29-10.11.34:457][221]LogModuleManager: Shutting down and abandoning module WmfMediaFactory (396)
[2020.04.29-10.11.34:457][221]LogModuleManager: Shutting down and abandoning module WebMMediaFactory (394)
[2020.04.29-10.11.34:458][221]LogModuleManager: Shutting down and abandoning module WebMMedia (392)
[2020.04.29-10.11.34:458][221]LogModuleManager: Shutting down and abandoning module OpenExrWrapper (390)
[2020.04.29-10.11.34:458][221]LogModuleManager: Shutting down and abandoning module ImgMediaFactory (388)
[2020.04.29-10.11.34:458][221]LogModuleManager: Shutting down and abandoning module AvfMediaFactory (386)
[2020.04.29-10.11.34:459][221]LogModuleManager: Shutting down and abandoning module MagicLeapCameraPreviewFactory (384)
[2020.04.29-10.11.34:459][221]LogModuleManager: Shutting down and abandoning module MagicLeapMediaCodecFactory (382)
[2020.04.29-10.11.34:459][221]LogModuleManager: Shutting down and abandoning module MagicLeapMediaFactory (380)
[2020.04.29-10.11.34:459][221]LogModuleManager: Shutting down and abandoning module CharacterAI (378)
[2020.04.29-10.11.34:460][221]LogModuleManager: Shutting down and abandoning module SessionServices (376)
[2020.04.29-10.11.34:460][221]LogModuleManager: Shutting down and abandoning module MovieSceneCapture (374)
[2020.04.29-10.11.34:460][221]LogModuleManager: Shutting down and abandoning module LiveCoding (372)
[2020.04.29-10.11.34:460][221]LogModuleManager: Shutting down and abandoning module LevelSequence (370)
[2020.04.29-10.11.34:461][221]LogModuleManager: Shutting down and abandoning module MovieSceneTracks (368)
[2020.04.29-10.11.34:461][221]LogModuleManager: Shutting down and abandoning module MovieScene (366)
[2020.04.29-10.11.34:461][221]LogModuleManager: Shutting down and abandoning module StreamingPauseRendering (364)
[2020.04.29-10.11.34:461][221]LogModuleManager: Shutting down and abandoning module PortalServices (362)
[2020.04.29-10.11.34:462][221]LogModuleManager: Shutting down and abandoning module PortalRpc (360)
[2020.04.29-10.11.34:462][221]LogModuleManager: Shutting down and abandoning module MessagingRpc (358)
[2020.04.29-10.11.34:462][221]LogModuleManager: Shutting down and abandoning module AudioMixerXAudio2 (356)
[2020.04.29-10.11.34:462][221]LogModuleManager: Shutting down and abandoning module ImageWriteQueue (354)
[2020.04.29-10.11.34:465][221]LogModuleManager: Shutting down and abandoning module ProfilerService (352)
[2020.04.29-10.11.34:637][221]LogModuleManager: Shutting down and abandoning module TaskGraph (350)
[2020.04.29-10.11.34:637][221]LogModuleManager: Shutting down and abandoning module OneImmersCustom (348)
[2020.04.29-10.11.34:638][221]LogModuleManager: Shutting down and abandoning module oiooio (346)
[2020.04.29-10.11.34:638][221]LogModuleManager: Shutting down and abandoning module Synthesis (344)
[2020.04.29-10.11.34:639][221]LogModuleManager: Shutting down and abandoning module SteamVRController (342)
[2020.04.29-10.11.34:639][221]LogModuleManager: Shutting down and abandoning module SoundUtilities (340)
[2020.04.29-10.11.34:639][221]LogModuleManager: Shutting down and abandoning module ProceduralMeshComponent (338)
[2020.04.29-10.11.34:639][221]LogModuleManager: Shutting down and abandoning module OculusInput (336)
[2020.04.29-10.11.34:640][221]LogModuleManager: Shutting down and abandoning module MobilePatchingUtils (334)
[2020.04.29-10.11.34:640][221]LogModuleManager: Shutting down and abandoning module EditableMesh (332)
[2020.04.29-10.11.34:640][221]LogModuleManager: Shutting down and abandoning module CustomMeshComponent (330)
[2020.04.29-10.11.34:640][221]LogModuleManager: Shutting down and abandoning module CableComponent (328)
[2020.04.29-10.11.34:641][221]LogModuleManager: Shutting down and abandoning module AudioCapture (326)
[2020.04.29-10.11.34:641][221]LogModuleManager: Shutting down and abandoning module ArchVisCharacter (324)
[2020.04.29-10.11.34:641][221]LogModuleManager: Shutting down and abandoning module AndroidPermission (322)
[2020.04.29-10.11.34:641][221]LogModuleManager: Shutting down and abandoning module NUTUnrealEngine4 (320)
[2020.04.29-10.11.34:642][221]LogModuleManager: Shutting down and abandoning module NetcodeUnitTest (318)
[2020.04.29-10.11.34:642][221]LogModuleManager: Shutting down and abandoning module MediaCompositing (316)
[2020.04.29-10.11.34:642][221]LogModuleManager: Shutting down and abandoning module LinearTimecode (314)
[2020.04.29-10.11.34:642][221]LogModuleManager: Shutting down and abandoning module ImgMedia (312)
[2020.04.29-10.11.34:643][221]LogModuleManager: Shutting down and abandoning module MagicLeapHelperVulkan (310)
[2020.04.29-10.11.34:643][221]LogModuleManager: Shutting down and abandoning module MagicLeapHelperOpenGL (308)
[2020.04.29-10.11.34:643][221]LogModuleManager: Shutting down and abandoning module MagicLeapAudio (306)
[2020.04.29-10.11.34:643][221]LogModuleManager: Shutting down and abandoning module HTML5Networking (304)
[2020.04.29-10.11.34:643][221]LogModuleManager: Shutting down and abandoning module GeometryCacheTracks (302)
[2020.04.29-10.11.34:644][221]LogModuleManager: Shutting down and abandoning module GeometryCacheSequencer (301)
[2020.04.29-10.11.34:644][221]LogModuleManager: Shutting down and abandoning module GeometryCache (298)
[2020.04.29-10.11.34:644][221]LogModuleManager: Shutting down and abandoning module GeometryCacheEd (297)
[2020.04.29-10.11.34:644][221]LogModuleManager: Shutting down and abandoning module BackChannel (294)
[2020.04.29-10.11.34:645][221]LogModuleManager: Shutting down and abandoning module AppleVision (292)
[2020.04.29-10.11.34:645][221]LogModuleManager: Shutting down and abandoning module AppleImageUtilsBlueprintSupport (290)
[2020.04.29-10.11.34:645][221]LogModuleManager: Shutting down and abandoning module AppleImageUtils (288)
[2020.04.29-10.11.34:645][221]LogModuleManager: Shutting down and abandoning module VariantManagerContent (286)
[2020.04.29-10.11.34:646][221]LogModuleManager: Shutting down and abandoning module CryptoKeysOpenSSL (284)
[2020.04.29-10.11.34:646][221]LogModuleManager: Shutting down and abandoning module CryptoKeys (282)
[2020.04.29-10.11.34:646][221]LogModuleManager: Shutting down and abandoning module VisualStudioSourceCodeAccess (280)
[2020.04.29-10.11.34:647][221]LogModuleManager: Shutting down and abandoning module HotReload (279)
[2020.04.29-10.11.34:648][221]LogModuleManager: Shutting down and abandoning module DirectoryWatcher (278)
[2020.04.29-10.11.34:648][221]LogModuleManager: Shutting down and abandoning module VisualStudioCodeSourceCodeAccess (274)
[2020.04.29-10.11.34:648][221]LogModuleManager: Shutting down and abandoning module UObjectPlugin (272)
[2020.04.29-10.11.34:649][221]LogModuleManager: Shutting down and abandoning module SubversionSourceControl (270)
[2020.04.29-10.11.34:649][221]LogModuleManager: Shutting down and abandoning module PerforceSourceControl (268)
[2020.04.29-10.11.34:649][221]LogModuleManager: Shutting down and abandoning module SourceControl (267)
[2020.04.29-10.11.34:649][221]LogModuleManager: Shutting down and abandoning module CLionSourceCodeAccess (264)
[2020.04.29-10.11.34:650][221]LogModuleManager: Shutting down and abandoning module ActorLayerUtilities (262)
[2020.04.29-10.11.34:650][221]LogModuleManager: Shutting down and abandoning module senal (260)
[2020.04.29-10.11.34:650][221]LogModuleManager: Shutting down and abandoning module AdvancedSteamSessions (258)
[2020.04.29-10.11.34:650][221]LogModuleManager: Shutting down and abandoning module AdvancedSessions (256)
[2020.04.29-10.11.34:651][221]LogModuleManager: Shutting down and abandoning module SignificanceManager (254)
[2020.04.29-10.11.34:651][221]LogModuleManager: Shutting down and abandoning module RuntimePhysXCooking (252)
[2020.04.29-10.11.34:651][221]LogModuleManager: Shutting down and abandoning module PhysXVehiclesEditor (250)
[2020.04.29-10.11.34:651][221]LogModuleManager: Shutting down and abandoning module PhysXVehicles (248)
[2020.04.29-10.11.34:651][221]LogModuleManager: Shutting down and abandoning module LocationServicesBPLibrary (246)
[2020.04.29-10.11.34:652][221]LogModuleManager: Shutting down and abandoning module ActorSequence (244)
[2020.04.29-10.11.34:652][221]LogModuleManager: Shutting down and abandoning module UdpMessaging (242)
[2020.04.29-10.11.34:652][221]LogModuleManager: Shutting down and abandoning module TcpMessaging (240)
[2020.04.29-10.11.34:652][221]LogModuleManager: Shutting down and abandoning module MagicLeapIdentity (238)
[2020.04.29-10.11.34:653][221]LogModuleManager: Shutting down and abandoning module MagicLeapSecureStorage (236)
[2020.04.29-10.11.34:653][221]LogModuleManager: Shutting down and abandoning module MagicLeapHandTracking (234)
[2020.04.29-10.11.34:653][221]LogModuleManager: Shutting down and abandoning module MagicLeapEyeTracker (232)
[2020.04.29-10.11.34:653][221]LogModuleManager: Shutting down and abandoning module MagicLeapController (230)
[2020.04.29-10.11.34:653][221]LogSlate: Slate User Destroyed.  User Index 0, Is Virtual User: 0
[2020.04.29-10.11.34:654][221]LogModuleManager: Shutting down and abandoning module MagicLeapAR (228)
[2020.04.29-10.11.34:654][221]LogModuleManager: Shutting down and abandoning module AugmentedReality (227)
[2020.04.29-10.11.34:654][221]LogModuleManager: Shutting down and abandoning module GameplayTagsEditor (224)
[2020.04.29-10.11.34:654][221]LogModuleManager: Shutting down and abandoning module FacialAnimation (222)
[2020.04.29-10.11.34:655][221]LogModuleManager: Shutting down and abandoning module DataValidation (220)
[2020.04.29-10.11.34:655][221]LogModuleManager: Shutting down and abandoning module AssetManagerEditor (218)
[2020.04.29-10.11.34:655][221]LogModuleManager: Shutting down and abandoning module TreeMap (217)
[2020.04.29-10.11.34:655][221]LogModuleManager: Shutting down and abandoning module AnimationSharing (214)
[2020.04.29-10.11.34:656][221]LogModuleManager: Shutting down and abandoning module LightPropagationVolumeRuntime (212)
[2020.04.29-10.11.34:656][221]LogModuleManager: Shutting down and abandoning module AISupportModule (210)
[2020.04.29-10.11.34:656][221]LogModuleManager: Shutting down and abandoning module Paper2D (208)
[2020.04.29-10.11.34:656][221]LogModuleManager: Shutting down and abandoning module WindowsMoviePlayer (206)
[2020.04.29-10.11.34:656][221]LogModuleManager: Shutting down and abandoning module WebMMoviePlayer (204)
[2020.04.29-10.11.34:657][221]LogModuleManager: Shutting down and abandoning module PacketHandler (202)
[2020.04.29-10.11.34:658][221]LogModuleManager: Shutting down and abandoning module ClothingSystemEditor (200)
[2020.04.29-10.11.34:658][221]LogModuleManager: Shutting down and abandoning module ClothingSystemRuntime (198)
[2020.04.29-10.11.34:659][221]LogModuleManager: Shutting down and abandoning module MediaAssets (196)
[2020.04.29-10.11.34:659][221]LogModuleManager: Shutting down and abandoning module Overlay (194)
[2020.04.29-10.11.34:659][221]LogModuleManager: Shutting down and abandoning module OverlayEditor (193)
[2020.04.29-10.11.34:659][221]LogModuleManager: Shutting down and abandoning module VREditor (190)
[2020.04.29-10.11.34:659][221]LogModuleManager: Shutting down and abandoning module StringTableEditor (188)
[2020.04.29-10.11.34:660][221]LogModuleManager: Shutting down and abandoning module GameplayTasksEditor (186)
[2020.04.29-10.11.34:660][221]LogModuleManager: Shutting down and abandoning module BehaviorTreeEditor (184)
[2020.04.29-10.11.34:660][221]LogModuleManager: Shutting down and abandoning module FunctionalTesting (182)
[2020.04.29-10.11.34:660][221]LogModuleManager: Shutting down and abandoning module CollisionAnalyzer (180)
[2020.04.29-10.11.34:661][221]LogModuleManager: Shutting down and abandoning module WorkspaceMenuStructure (179)
[2020.04.29-10.11.34:661][221]LogModuleManager: Shutting down and abandoning module UMG (176)
[2020.04.29-10.11.34:661][221]LogModuleManager: Shutting down and abandoning module UMGEditor (175)
[2020.04.29-10.11.34:661][221]LogModuleManager: Shutting down and abandoning module Sequencer (174)
[2020.04.29-10.11.34:662][221]LogModuleManager: Shutting down and abandoning module MessageLog (171)
[2020.04.29-10.11.34:662][221]LogModuleManager: Shutting down and abandoning module SlateReflector (166)
[2020.04.29-10.11.34:662][221]LogModuleManager: Shutting down and abandoning module Slate (164)
[2020.04.29-10.11.34:662][221]LogModuleManager: Shutting down and abandoning module EditorStyle (162)
[2020.04.29-10.11.34:663][221]LogModuleManager: Shutting down and abandoning module UnrealEd (160)
[2020.04.29-10.11.34:663][221]LogModuleManager: Shutting down and abandoning module MRMesh (158)
[2020.04.29-10.11.34:664][221]LogModuleManager: Shutting down and abandoning module Messaging (156)
[2020.04.29-10.11.34:664][221]LogModuleManager: Shutting down and abandoning module SourceCodeAccess (154)
[2020.04.29-10.11.34:664][221]LogModuleManager: Shutting down and abandoning module HeadMountedDisplay (152)
[2020.04.29-10.11.34:664][221]LogModuleManager: Shutting down and abandoning module XAudio2 (150)
[2020.04.29-10.11.34:664][221]LogModuleManager: Shutting down and abandoning module Networking (148)
[2020.04.29-10.11.34:665][221]LogModuleManager: Shutting down and abandoning module Core (146)
[2020.04.29-10.11.34:665][221]LogModuleManager: Shutting down and abandoning module KismetCompiler (144)
[2020.04.29-10.11.34:665][221]LogModuleManager: Shutting down and abandoning module MeshUtilities (142)
[2020.04.29-10.11.34:665][221]LogModuleManager: Shutting down and abandoning module MeshMergeUtilities (141)
[2020.04.29-10.11.34:665][221]LogModuleManager: Shutting down and abandoning module MeshReductionInterface (140)
[2020.04.29-10.11.34:666][221]LogModuleManager: Shutting down and abandoning module SkeletalMeshReduction (139)
[2020.04.29-10.11.34:666][221]LogModuleManager: Shutting down and abandoning module ProxyLODMeshReduction (137)
[2020.04.29-10.11.34:666][221]LogModuleManager: Shutting down and abandoning module QuadricMeshReduction (135)
[2020.04.29-10.11.34:666][221]LogModuleManager: Shutting down and abandoning module MaterialBaking (131)
[2020.04.29-10.11.34:667][221]LogModuleManager: Shutting down and abandoning module PIEPreviewDeviceProfileSelector (126)
[2020.04.29-10.11.34:668][221]LogModuleManager: Shutting down and abandoning module DerivedDataCache (124)
[2020.04.29-10.11.34:763][221]LogDerivedDataCache: Shutdown
[2020.04.29-10.11.34:764][221]LogModuleManager: Shutting down and abandoning module XGEController (122)
[2020.04.29-10.11.34:764][221]LogModuleManager: Shutting down and abandoning module TargetPlatform (120)
[2020.04.29-10.11.34:764][221]LogModuleManager: Shutting down and abandoning module VulkanShaderFormat (119)
[2020.04.29-10.11.34:764][221]LogModuleManager: Shutting down and abandoning module ShaderFormatVectorVM (117)
[2020.04.29-10.11.34:764][221]LogModuleManager: Shutting down and abandoning module ShaderFormatOpenGL (115)
[2020.04.29-10.11.34:764][221]LogModuleManager: Shutting down and abandoning module ShaderFormatD3D (113)
[2020.04.29-10.11.34:765][221]LogModuleManager: Shutting down and abandoning module MetalShaderFormat (111)
[2020.04.29-10.11.34:765][221]LogModuleManager: Shutting down and abandoning module TextureFormatUncompressed (109)
[2020.04.29-10.11.34:765][221]LogModuleManager: Shutting down and abandoning module TextureFormatPVR (107)
[2020.04.29-10.11.34:766][221]LogModuleManager: Shutting down and abandoning module TextureFormatDXT (105)
[2020.04.29-10.11.34:766][221]LogModuleManager: Shutting down and abandoning module TextureFormatIntelISPCTexComp (103)
[2020.04.29-10.11.34:766][221]LogModuleManager: Shutting down and abandoning module TextureFormatASTC (101)
[2020.04.29-10.11.34:766][221]LogModuleManager: Shutting down and abandoning module ImageWrapper (100)
[2020.04.29-10.11.34:767][221]LogModuleManager: Shutting down and abandoning module TextureFormatAndroid (97)
[2020.04.29-10.11.34:767][221]LogModuleManager: Shutting down and abandoning module AudioFormatOpus (95)
[2020.04.29-10.11.34:767][221]LogModuleManager: Shutting down and abandoning module AudioFormatOgg (93)
[2020.04.29-10.11.34:768][221]LogModuleManager: Shutting down and abandoning module AudioFormatADPCM (91)
[2020.04.29-10.11.34:768][221]LogModuleManager: Shutting down and abandoning module WindowsTargetPlatform (89)
[2020.04.29-10.11.34:768][221]LogModuleManager: Shutting down and abandoning module WindowsServerTargetPlatform (87)
[2020.04.29-10.11.34:769][221]LogModuleManager: Shutting down and abandoning module WindowsNoEditorTargetPlatform (85)
[2020.04.29-10.11.34:769][221]LogModuleManager: Shutting down and abandoning module WindowsClientTargetPlatform (83)
[2020.04.29-10.11.34:769][221]LogModuleManager: Shutting down and abandoning module InputCore (80)
[2020.04.29-10.11.34:769][221]LogModuleManager: Shutting down and abandoning module Settings (78)
[2020.04.29-10.11.34:770][221]LogModuleManager: Shutting down and abandoning module PhysXCooking (76)
[2020.04.29-10.11.34:770][221]LogModuleManager: Shutting down and abandoning module SteamVR (74)
[2020.04.29-10.11.34:770][221]LogHMD: Freeing OpenVRDLLHandle.
[2020.04.29-10.11.34:771][221]LogModuleManager: Shutting down and abandoning module OculusHMD (72)
[2020.04.29-10.11.34:771][221]LogModuleManager: Shutting down and abandoning module ExampleDeviceProfileSelector (70)
[2020.04.29-10.11.34:771][221]LogModuleManager: Shutting down and abandoning module LauncherChunkInstaller (68)
[2020.04.29-10.11.34:773][221]LogModuleManager: Shutting down and abandoning module OnlineBlueprintSupport (66)
[2020.04.29-10.11.34:773][221]LogModuleManager: Shutting down and abandoning module OnlineSubsystem (62)
[2020.04.29-10.11.34:774][221]LogModuleManager: Shutting down and abandoning module XMPP (55)
[2020.04.29-10.11.34:775][221]LogModuleManager: Shutting down and abandoning module WebSockets (54)
[2020.04.29-10.11.34:784][221]LogModuleManager: Shutting down and abandoning module HTTP (51)
[2020.04.29-10.11.34:799][221]LogModuleManager: Shutting down and abandoning module SSL (50)
[2020.04.29-10.11.34:800][221]LogModuleManager: Shutting down and abandoning module WmfMedia (46)
[2020.04.29-10.11.34:801][221]LogModuleManager: Shutting down and abandoning module Media (45)
[2020.04.29-10.11.34:807][221]LogModuleManager: Shutting down and abandoning module MagicLeap (42)
[2020.04.29-10.11.34:807][221]LogModuleManager: Shutting down and abandoning module DatasmithContent (40)
[2020.04.29-10.11.34:808][221]LogModuleManager: Shutting down and abandoning module AnimationModifiers (38)
[2020.04.29-10.11.34:808][221]LogModuleManager: Shutting down and abandoning module PropertyEditor (37)
[2020.04.29-10.11.34:808][221]LogModuleManager: Shutting down and abandoning module AudioEditor (34)
[2020.04.29-10.11.34:809][221]LogModuleManager: Shutting down and abandoning module TextureCompressor (32)
[2020.04.29-10.11.34:809][221]LogModuleManager: Shutting down and abandoning module RenderCore (30)
[2020.04.29-10.11.34:810][221]LogModuleManager: Shutting down and abandoning module Landscape (28)
[2020.04.29-10.11.34:810][221]LogModuleManager: Shutting down and abandoning module SlateRHIRenderer (26)
[2020.04.29-10.11.34:810][221]LogModuleManager: Shutting down and abandoning module OpenGLDrv (24)
[2020.04.29-10.11.34:810][221]LogModuleManager: Shutting down and abandoning module D3D11RHI (22)
[2020.04.29-10.11.34:811][221]LogModuleManager: Shutting down and abandoning module AnimGraphRuntime (20)
[2020.04.29-10.11.34:811][221]LogModuleManager: Shutting down and abandoning module Renderer (18)
[2020.04.29-10.11.34:811][221]LogModuleManager: Shutting down and abandoning module Engine (16)
[2020.04.29-10.11.34:812][221]LogModuleManager: Shutting down and abandoning module CoreUObject (14)
[2020.04.29-10.11.34:812][221]LogModuleManager: Shutting down and abandoning module NetworkFile (12)
[2020.04.29-10.11.34:812][221]LogModuleManager: Shutting down and abandoning module CookedIterativeFile (10)
[2020.04.29-10.11.34:812][221]LogModuleManager: Shutting down and abandoning module StreamingFile (8)
[2020.04.29-10.11.34:813][221]LogModuleManager: Shutting down and abandoning module SandboxFile (6)
[2020.04.29-10.11.34:813][221]LogModuleManager: Shutting down and abandoning module PakFile (4)
[2020.04.29-10.11.34:813][221]LogModuleManager: Shutting down and abandoning module RSA (3)
[2020.04.29-10.11.34:817][221]LogExit: Exiting.
[2020.04.29-10.11.34:833][221]Log file closed, 04/29/20 19:11:34
